{"C:\\Users\\Vineet\\OneDrive\\Documents\\Odoo_X_GV_PLM\\backend\\server.js": {"path":"C:\\Users\\Vineet\\OneDrive\\Documents\\Odoo_X_GV_PLM\\backend\\server.js","statementMap":{"0":{"start":{"line":1,"column":16},"end":{"line":1,"column":34}},"1":{"start":{"line":2,"column":13},"end":{"line":2,"column":28}},"2":{"start":{"line":3,"column":15},"end":{"line":3,"column":32}},"3":{"start":{"line":4,"column":18},"end":{"line":4,"column":44}},"4":{"start":{"line":6,"column":0},"end":{"line":6,"column":16}},"5":{"start":{"line":8,"column":19},"end":{"line":8,"column":47}},"6":{"start":{"line":9,"column":22},"end":{"line":9,"column":54}},"7":{"start":{"line":10,"column":18},"end":{"line":10,"column":46}},"8":{"start":{"line":11,"column":18},"end":{"line":11,"column":46}},"9":{"start":{"line":12,"column":27},"end":{"line":12,"column":64}},"10":{"start":{"line":13,"column":19},"end":{"line":13,"column":48}},"11":{"start":{"line":14,"column":27},"end":{"line":14,"column":64}},"12":{"start":{"line":15,"column":23},"end":{"line":15,"column":57}},"13":{"start":{"line":16,"column":24},"end":{"line":16,"column":57}},"14":{"start":{"line":17,"column":23},"end":{"line":17,"column":55}},"15":{"start":{"line":19,"column":12},"end":{"line":19,"column":21}},"16":{"start":{"line":21,"column":0},"end":{"line":26,"column":4}},"17":{"start":{"line":28,"column":0},"end":{"line":28,"column":41}},"18":{"start":{"line":29,"column":0},"end":{"line":29,"column":48}},"19":{"start":{"line":31,"column":0},"end":{"line":34,"column":3}},"20":{"start":{"line":32,"column":2},"end":{"line":32,"column":80}},"21":{"start":{"line":33,"column":2},"end":{"line":33,"column":9}},"22":{"start":{"line":36,"column":0},"end":{"line":36,"column":33}},"23":{"start":{"line":37,"column":0},"end":{"line":37,"column":40}},"24":{"start":{"line":38,"column":0},"end":{"line":38,"column":32}},"25":{"start":{"line":39,"column":0},"end":{"line":39,"column":32}},"26":{"start":{"line":40,"column":0},"end":{"line":40,"column":50}},"27":{"start":{"line":41,"column":0},"end":{"line":41,"column":34}},"28":{"start":{"line":42,"column":0},"end":{"line":42,"column":51}},"29":{"start":{"line":43,"column":0},"end":{"line":43,"column":43}},"30":{"start":{"line":44,"column":0},"end":{"line":44,"column":43}},"31":{"start":{"line":45,"column":0},"end":{"line":45,"column":41}},"32":{"start":{"line":47,"column":0},"end":{"line":49,"column":3}},"33":{"start":{"line":48,"column":2},"end":{"line":48,"column":77}},"34":{"start":{"line":51,"column":0},"end":{"line":53,"column":3}},"35":{"start":{"line":52,"column":2},"end":{"line":52,"column":90}},"36":{"start":{"line":55,"column":0},"end":{"line":62,"column":3}},"37":{"start":{"line":56,"column":2},"end":{"line":56,"column":40}},"38":{"start":{"line":57,"column":2},"end":{"line":57,"column":27}},"39":{"start":{"line":58,"column":2},"end":{"line":61,"column":5}},"40":{"start":{"line":64,"column":0},"end":{"line":64,"column":21}},"41":{"start":{"line":66,"column":0},"end":{"line":119,"column":1}},"42":{"start":{"line":67,"column":15},"end":{"line":67,"column":39}},"43":{"start":{"line":69,"column":22},"end":{"line":116,"column":3}},"44":{"start":{"line":70,"column":4},"end":{"line":115,"column":5}},"45":{"start":{"line":71,"column":6},"end":{"line":71,"column":24}},"46":{"start":{"line":72,"column":6},"end":{"line":111,"column":9}},"47":{"start":{"line":73,"column":8},"end":{"line":73,"column":71}},"48":{"start":{"line":74,"column":8},"end":{"line":74,"column":62}},"49":{"start":{"line":75,"column":8},"end":{"line":75,"column":43}},"50":{"start":{"line":76,"column":8},"end":{"line":76,"column":45}},"51":{"start":{"line":77,"column":8},"end":{"line":77,"column":48}},"52":{"start":{"line":78,"column":8},"end":{"line":78,"column":45}},"53":{"start":{"line":79,"column":8},"end":{"line":79,"column":46}},"54":{"start":{"line":80,"column":8},"end":{"line":80,"column":50}},"55":{"start":{"line":81,"column":8},"end":{"line":81,"column":42}},"56":{"start":{"line":82,"column":8},"end":{"line":82,"column":46}},"57":{"start":{"line":83,"column":8},"end":{"line":83,"column":42}},"58":{"start":{"line":84,"column":8},"end":{"line":84,"column":42}},"59":{"start":{"line":85,"column":8},"end":{"line":85,"column":46}},"60":{"start":{"line":86,"column":8},"end":{"line":86,"column":42}},"61":{"start":{"line":87,"column":8},"end":{"line":87,"column":52}},"62":{"start":{"line":88,"column":8},"end":{"line":88,"column":53}},"63":{"start":{"line":89,"column":8},"end":{"line":89,"column":53}},"64":{"start":{"line":90,"column":8},"end":{"line":90,"column":75}},"65":{"start":{"line":91,"column":8},"end":{"line":91,"column":51}},"66":{"start":{"line":92,"column":8},"end":{"line":92,"column":60}},"67":{"start":{"line":93,"column":8},"end":{"line":93,"column":51}},"68":{"start":{"line":94,"column":8},"end":{"line":94,"column":43}},"69":{"start":{"line":95,"column":8},"end":{"line":95,"column":47}},"70":{"start":{"line":96,"column":8},"end":{"line":96,"column":43}},"71":{"start":{"line":97,"column":8},"end":{"line":97,"column":47}},"72":{"start":{"line":98,"column":8},"end":{"line":98,"column":52}},"73":{"start":{"line":99,"column":8},"end":{"line":99,"column":52}},"74":{"start":{"line":100,"column":8},"end":{"line":100,"column":56}},"75":{"start":{"line":101,"column":8},"end":{"line":101,"column":56}},"76":{"start":{"line":102,"column":8},"end":{"line":102,"column":48}},"77":{"start":{"line":103,"column":8},"end":{"line":103,"column":48}},"78":{"start":{"line":104,"column":8},"end":{"line":104,"column":53}},"79":{"start":{"line":105,"column":8},"end":{"line":105,"column":57}},"80":{"start":{"line":106,"column":8},"end":{"line":106,"column":57}},"81":{"start":{"line":107,"column":8},"end":{"line":107,"column":52}},"82":{"start":{"line":108,"column":8},"end":{"line":108,"column":52}},"83":{"start":{"line":109,"column":8},"end":{"line":109,"column":44}},"84":{"start":{"line":110,"column":8},"end":{"line":110,"column":24}},"85":{"start":{"line":113,"column":6},"end":{"line":113,"column":62}},"86":{"start":{"line":114,"column":6},"end":{"line":114,"column":22}},"87":{"start":{"line":118,"column":2},"end":{"line":118,"column":16}}},"fnMap":{"0":{"name":"(anonymous_0)","decl":{"start":{"line":31,"column":8},"end":{"line":31,"column":9}},"loc":{"start":{"line":31,"column":28},"end":{"line":34,"column":1}},"line":31},"1":{"name":"(anonymous_1)","decl":{"start":{"line":47,"column":23},"end":{"line":47,"column":24}},"loc":{"start":{"line":47,"column":37},"end":{"line":49,"column":1}},"line":47},"2":{"name":"(anonymous_2)","decl":{"start":{"line":51,"column":8},"end":{"line":51,"column":9}},"loc":{"start":{"line":51,"column":22},"end":{"line":53,"column":1}},"line":51},"3":{"name":"(anonymous_3)","decl":{"start":{"line":55,"column":8},"end":{"line":55,"column":9}},"loc":{"start":{"line":55,"column":33},"end":{"line":62,"column":1}},"line":55},"4":{"name":"(anonymous_4)","decl":{"start":{"line":69,"column":22},"end":{"line":69,"column":23}},"loc":{"start":{"line":69,"column":34},"end":{"line":116,"column":3}},"line":69},"5":{"name":"(anonymous_5)","decl":{"start":{"line":72,"column":23},"end":{"line":72,"column":24}},"loc":{"start":{"line":72,"column":29},"end":{"line":111,"column":7}},"line":72}},"branchMap":{"0":{"loc":{"start":{"line":58,"column":13},"end":{"line":58,"column":34}},"type":"binary-expr","locations":[{"start":{"line":58,"column":13},"end":{"line":58,"column":27}},{"start":{"line":58,"column":31},"end":{"line":58,"column":34}}],"line":58},"1":{"loc":{"start":{"line":60,"column":13},"end":{"line":60,"column":51}},"type":"binary-expr","locations":[{"start":{"line":60,"column":13},"end":{"line":60,"column":24}},{"start":{"line":60,"column":28},"end":{"line":60,"column":51}}],"line":60},"2":{"loc":{"start":{"line":66,"column":0},"end":{"line":119,"column":1}},"type":"if","locations":[{"start":{"line":66,"column":0},"end":{"line":119,"column":1}},{"start":{},"end":{}}],"line":66},"3":{"loc":{"start":{"line":67,"column":15},"end":{"line":67,"column":39}},"type":"binary-expr","locations":[{"start":{"line":67,"column":15},"end":{"line":67,"column":31}},{"start":{"line":67,"column":35},"end":{"line":67,"column":39}}],"line":67}},"s":{"0":1,"1":1,"2":1,"3":1,"4":1,"5":1,"6":1,"7":1,"8":1,"9":1,"10":1,"11":1,"12":1,"13":1,"14":1,"15":1,"16":1,"17":1,"18":1,"19":1,"20":7,"21":7,"22":1,"23":1,"24":1,"25":1,"26":1,"27":1,"28":1,"29":1,"30":1,"31":1,"32":1,"33":0,"34":1,"35":0,"36":1,"37":0,"38":0,"39":0,"40":1,"41":1,"42":0,"43":0,"44":0,"45":0,"46":0,"47":0,"48":0,"49":0,"50":0,"51":0,"52":0,"53":0,"54":0,"55":0,"56":0,"57":0,"58":0,"59":0,"60":0,"61":0,"62":0,"63":0,"64":0,"65":0,"66":0,"67":0,"68":0,"69":0,"70":0,"71":0,"72":0,"73":0,"74":0,"75":0,"76":0,"77":0,"78":0,"79":0,"80":0,"81":0,"82":0,"83":0,"84":0,"85":0,"86":0,"87":0},"f":{"0":7,"1":0,"2":0,"3":0,"4":0,"5":0},"b":{"0":[0,0],"1":[0,0],"2":[0,1],"3":[0,0]},"_coverageSchema":"1a1c01bbd47fc00a2c39e90264f33305004495a9","hash":"ee679433ffeae2667246e5d7eee354e28510dffb"}
,"C:\\Users\\Vineet\\OneDrive\\Documents\\Odoo_X_GV_PLM\\backend\\src\\config\\db.js": {"path":"C:\\Users\\Vineet\\OneDrive\\Documents\\Odoo_X_GV_PLM\\backend\\src\\config\\db.js","statementMap":{"0":{"start":{"line":1,"column":17},"end":{"line":1,"column":36}},"1":{"start":{"line":3,"column":18},"end":{"line":12,"column":1}},"2":{"start":{"line":4,"column":2},"end":{"line":11,"column":3}},"3":{"start":{"line":5,"column":17},"end":{"line":5,"column":62}},"4":{"start":{"line":6,"column":4},"end":{"line":6,"column":62}},"5":{"start":{"line":7,"column":4},"end":{"line":7,"column":16}},"6":{"start":{"line":9,"column":4},"end":{"line":9,"column":64}},"7":{"start":{"line":10,"column":4},"end":{"line":10,"column":20}},"8":{"start":{"line":14,"column":0},"end":{"line":14,"column":27}}},"fnMap":{"0":{"name":"(anonymous_0)","decl":{"start":{"line":3,"column":18},"end":{"line":3,"column":19}},"loc":{"start":{"line":3,"column":30},"end":{"line":12,"column":1}},"line":3}},"branchMap":{},"s":{"0":1,"1":1,"2":1,"3":1,"4":1,"5":1,"6":0,"7":0,"8":1},"f":{"0":1},"b":{},"_coverageSchema":"1a1c01bbd47fc00a2c39e90264f33305004495a9","hash":"3fb512a6568cedbda67659cbff836ee78114651d"}
,"C:\\Users\\Vineet\\OneDrive\\Documents\\Odoo_X_GV_PLM\\backend\\src\\middleware\\auth.js": {"path":"C:\\Users\\Vineet\\OneDrive\\Documents\\Odoo_X_GV_PLM\\backend\\src\\middleware\\auth.js","statementMap":{"0":{"start":{"line":1,"column":12},"end":{"line":1,"column":35}},"1":{"start":{"line":2,"column":13},"end":{"line":2,"column":38}},"2":{"start":{"line":4,"column":23},"end":{"line":55,"column":1}},"3":{"start":{"line":5,"column":2},"end":{"line":54,"column":3}},"4":{"start":{"line":6,"column":23},"end":{"line":6,"column":48}},"5":{"start":{"line":8,"column":4},"end":{"line":13,"column":5}},"6":{"start":{"line":9,"column":6},"end":{"line":12,"column":9}},"7":{"start":{"line":15,"column":18},"end":{"line":15,"column":42}},"8":{"start":{"line":17,"column":20},"end":{"line":17,"column":61}},"9":{"start":{"line":19,"column":17},"end":{"line":19,"column":76}},"10":{"start":{"line":21,"column":4},"end":{"line":26,"column":5}},"11":{"start":{"line":22,"column":6},"end":{"line":25,"column":9}},"12":{"start":{"line":28,"column":4},"end":{"line":34,"column":6}},"13":{"start":{"line":36,"column":4},"end":{"line":36,"column":11}},"14":{"start":{"line":38,"column":4},"end":{"line":43,"column":5}},"15":{"start":{"line":39,"column":6},"end":{"line":42,"column":9}},"16":{"start":{"line":44,"column":4},"end":{"line":49,"column":5}},"17":{"start":{"line":45,"column":6},"end":{"line":48,"column":9}},"18":{"start":{"line":50,"column":4},"end":{"line":53,"column":7}},"19":{"start":{"line":57,"column":0},"end":{"line":57,"column":32}}},"fnMap":{"0":{"name":"(anonymous_0)","decl":{"start":{"line":4,"column":23},"end":{"line":4,"column":24}},"loc":{"start":{"line":4,"column":49},"end":{"line":55,"column":1}},"line":4}},"branchMap":{"0":{"loc":{"start":{"line":8,"column":4},"end":{"line":13,"column":5}},"type":"if","locations":[{"start":{"line":8,"column":4},"end":{"line":13,"column":5}},{"start":{},"end":{}}],"line":8},"1":{"loc":{"start":{"line":8,"column":8},"end":{"line":8,"column":56}},"type":"binary-expr","locations":[{"start":{"line":8,"column":8},"end":{"line":8,"column":19}},{"start":{"line":8,"column":23},"end":{"line":8,"column":56}}],"line":8},"2":{"loc":{"start":{"line":21,"column":4},"end":{"line":26,"column":5}},"type":"if","locations":[{"start":{"line":21,"column":4},"end":{"line":26,"column":5}},{"start":{},"end":{}}],"line":21},"3":{"loc":{"start":{"line":38,"column":4},"end":{"line":43,"column":5}},"type":"if","locations":[{"start":{"line":38,"column":4},"end":{"line":43,"column":5}},{"start":{},"end":{}}],"line":38},"4":{"loc":{"start":{"line":44,"column":4},"end":{"line":49,"column":5}},"type":"if","locations":[{"start":{"line":44,"column":4},"end":{"line":49,"column":5}},{"start":{},"end":{}}],"line":44}},"s":{"0":1,"1":1,"2":1,"3":3,"4":3,"5":3,"6":1,"7":2,"8":2,"9":1,"10":1,"11":0,"12":1,"13":1,"14":1,"15":0,"16":1,"17":1,"18":0,"19":1},"f":{"0":3},"b":{"0":[1,2],"1":[3,2],"2":[0,1],"3":[0,1],"4":[1,0]},"_coverageSchema":"1a1c01bbd47fc00a2c39e90264f33305004495a9","hash":"7d48b34b6ffb55a1ba5a0e118dfa885575df5e31"}
,"C:\\Users\\Vineet\\OneDrive\\Documents\\Odoo_X_GV_PLM\\backend\\src\\middleware\\roles.js": {"path":"C:\\Users\\Vineet\\OneDrive\\Documents\\Odoo_X_GV_PLM\\backend\\src\\middleware\\roles.js","statementMap":{"0":{"start":{"line":1,"column":23},"end":{"line":19,"column":1}},"1":{"start":{"line":2,"column":2},"end":{"line":18,"column":4}},"2":{"start":{"line":3,"column":4},"end":{"line":8,"column":5}},"3":{"start":{"line":4,"column":6},"end":{"line":7,"column":9}},"4":{"start":{"line":10,"column":4},"end":{"line":15,"column":5}},"5":{"start":{"line":11,"column":6},"end":{"line":14,"column":9}},"6":{"start":{"line":17,"column":4},"end":{"line":17,"column":11}},"7":{"start":{"line":21,"column":0},"end":{"line":21,"column":32}}},"fnMap":{"0":{"name":"(anonymous_0)","decl":{"start":{"line":1,"column":23},"end":{"line":1,"column":24}},"loc":{"start":{"line":1,"column":41},"end":{"line":19,"column":1}},"line":1},"1":{"name":"(anonymous_1)","decl":{"start":{"line":2,"column":9},"end":{"line":2,"column":10}},"loc":{"start":{"line":2,"column":29},"end":{"line":18,"column":3}},"line":2}},"branchMap":{"0":{"loc":{"start":{"line":3,"column":4},"end":{"line":8,"column":5}},"type":"if","locations":[{"start":{"line":3,"column":4},"end":{"line":8,"column":5}},{"start":{},"end":{}}],"line":3},"1":{"loc":{"start":{"line":10,"column":4},"end":{"line":15,"column":5}},"type":"if","locations":[{"start":{"line":10,"column":4},"end":{"line":15,"column":5}},{"start":{},"end":{}}],"line":10}},"s":{"0":1,"1":12,"2":0,"3":0,"4":0,"5":0,"6":0,"7":1},"f":{"0":12,"1":0},"b":{"0":[0,0],"1":[0,0]},"_coverageSchema":"1a1c01bbd47fc00a2c39e90264f33305004495a9","hash":"1aa3f7ab7477a1a1a37764411bf182beaff17571"}
,"C:\\Users\\Vineet\\OneDrive\\Documents\\Odoo_X_GV_PLM\\backend\\src\\models\\Activity.js": {"path":"C:\\Users\\Vineet\\OneDrive\\Documents\\Odoo_X_GV_PLM\\backend\\src\\models\\Activity.js","statementMap":{"0":{"start":{"line":1,"column":17},"end":{"line":1,"column":36}},"1":{"start":{"line":3,"column":23},"end":{"line":36,"column":2}},"2":{"start":{"line":38,"column":0},"end":{"line":40,"column":3}},"3":{"start":{"line":39,"column":2},"end":{"line":39,"column":18}},"4":{"start":{"line":42,"column":0},"end":{"line":42,"column":60}}},"fnMap":{"0":{"name":"(anonymous_0)","decl":{"start":{"line":38,"column":33},"end":{"line":38,"column":34}},"loc":{"start":{"line":38,"column":44},"end":{"line":40,"column":1}},"line":38}},"branchMap":{},"s":{"0":1,"1":1,"2":1,"3":0,"4":1},"f":{"0":0},"b":{},"_coverageSchema":"1a1c01bbd47fc00a2c39e90264f33305004495a9","hash":"bc8c565d86ad7ff1332348da453f5707aed76302"}
,"C:\\Users\\Vineet\\OneDrive\\Documents\\Odoo_X_GV_PLM\\backend\\src\\models\\ApprovalRule.js": {"path":"C:\\Users\\Vineet\\OneDrive\\Documents\\Odoo_X_GV_PLM\\backend\\src\\models\\ApprovalRule.js","statementMap":{"0":{"start":{"line":1,"column":17},"end":{"line":1,"column":36}},"1":{"start":{"line":3,"column":27},"end":{"line":32,"column":2}},"2":{"start":{"line":34,"column":0},"end":{"line":36,"column":3}},"3":{"start":{"line":35,"column":2},"end":{"line":35,"column":18}},"4":{"start":{"line":38,"column":0},"end":{"line":38,"column":68}}},"fnMap":{"0":{"name":"(anonymous_0)","decl":{"start":{"line":34,"column":37},"end":{"line":34,"column":38}},"loc":{"start":{"line":34,"column":48},"end":{"line":36,"column":1}},"line":34}},"branchMap":{},"s":{"0":1,"1":1,"2":1,"3":0,"4":1},"f":{"0":0},"b":{},"_coverageSchema":"1a1c01bbd47fc00a2c39e90264f33305004495a9","hash":"f72656aaca2d6cf47734ae2d5894ee59337bfdd6"}
,"C:\\Users\\Vineet\\OneDrive\\Documents\\Odoo_X_GV_PLM\\backend\\src\\models\\BOM.js": {"path":"C:\\Users\\Vineet\\OneDrive\\Documents\\Odoo_X_GV_PLM\\backend\\src\\models\\BOM.js","statementMap":{"0":{"start":{"line":1,"column":17},"end":{"line":1,"column":36}},"1":{"start":{"line":3,"column":24},"end":{"line":10,"column":18}},"2":{"start":{"line":12,"column":24},"end":{"line":17,"column":18}},"3":{"start":{"line":19,"column":18},"end":{"line":51,"column":2}},"4":{"start":{"line":53,"column":0},"end":{"line":55,"column":3}},"5":{"start":{"line":54,"column":2},"end":{"line":54,"column":18}},"6":{"start":{"line":57,"column":0},"end":{"line":57,"column":50}}},"fnMap":{"0":{"name":"(anonymous_0)","decl":{"start":{"line":53,"column":28},"end":{"line":53,"column":29}},"loc":{"start":{"line":53,"column":39},"end":{"line":55,"column":1}},"line":53}},"branchMap":{},"s":{"0":1,"1":1,"2":1,"3":1,"4":1,"5":0,"6":1},"f":{"0":0},"b":{},"_coverageSchema":"1a1c01bbd47fc00a2c39e90264f33305004495a9","hash":"f2933240cf741662b014504060f1118925757ec1"}
,"C:\\Users\\Vineet\\OneDrive\\Documents\\Odoo_X_GV_PLM\\backend\\src\\models\\ECO.js": {"path":"C:\\Users\\Vineet\\OneDrive\\Documents\\Odoo_X_GV_PLM\\backend\\src\\models\\ECO.js","statementMap":{"0":{"start":{"line":1,"column":17},"end":{"line":1,"column":36}},"1":{"start":{"line":3,"column":21},"end":{"line":12,"column":18}},"2":{"start":{"line":14,"column":23},"end":{"line":19,"column":18}},"3":{"start":{"line":21,"column":28},"end":{"line":30,"column":18}},"4":{"start":{"line":32,"column":26},"end":{"line":37,"column":18}},"5":{"start":{"line":39,"column":26},"end":{"line":52,"column":18}},"6":{"start":{"line":54,"column":18},"end":{"line":128,"column":2}},"7":{"start":{"line":130,"column":0},"end":{"line":132,"column":3}},"8":{"start":{"line":131,"column":2},"end":{"line":131,"column":18}},"9":{"start":{"line":134,"column":0},"end":{"line":134,"column":50}}},"fnMap":{"0":{"name":"(anonymous_0)","decl":{"start":{"line":130,"column":28},"end":{"line":130,"column":29}},"loc":{"start":{"line":130,"column":39},"end":{"line":132,"column":1}},"line":130}},"branchMap":{},"s":{"0":1,"1":1,"2":1,"3":1,"4":1,"5":1,"6":1,"7":1,"8":0,"9":1},"f":{"0":0},"b":{},"_coverageSchema":"1a1c01bbd47fc00a2c39e90264f33305004495a9","hash":"cdc1c5ea1a2f5da2c5b8cd84a2b17989836bd5ea"}
,"C:\\Users\\Vineet\\OneDrive\\Documents\\Odoo_X_GV_PLM\\backend\\src\\models\\Notification.js": {"path":"C:\\Users\\Vineet\\OneDrive\\Documents\\Odoo_X_GV_PLM\\backend\\src\\models\\Notification.js","statementMap":{"0":{"start":{"line":1,"column":17},"end":{"line":1,"column":36}},"1":{"start":{"line":3,"column":27},"end":{"line":31,"column":2}},"2":{"start":{"line":33,"column":0},"end":{"line":35,"column":3}},"3":{"start":{"line":34,"column":2},"end":{"line":34,"column":18}},"4":{"start":{"line":37,"column":0},"end":{"line":37,"column":68}}},"fnMap":{"0":{"name":"(anonymous_0)","decl":{"start":{"line":33,"column":37},"end":{"line":33,"column":38}},"loc":{"start":{"line":33,"column":48},"end":{"line":35,"column":1}},"line":33}},"branchMap":{},"s":{"0":1,"1":1,"2":1,"3":0,"4":1},"f":{"0":0},"b":{},"_coverageSchema":"1a1c01bbd47fc00a2c39e90264f33305004495a9","hash":"8faae502ba5f4191337ca57e91f4cd50cf1850eb"}
,"C:\\Users\\Vineet\\OneDrive\\Documents\\Odoo_X_GV_PLM\\backend\\src\\models\\Product.js": {"path":"C:\\Users\\Vineet\\OneDrive\\Documents\\Odoo_X_GV_PLM\\backend\\src\\models\\Product.js","statementMap":{"0":{"start":{"line":1,"column":17},"end":{"line":1,"column":36}},"1":{"start":{"line":3,"column":20},"end":{"line":9,"column":18}},"2":{"start":{"line":11,"column":27},"end":{"line":17,"column":18}},"3":{"start":{"line":19,"column":22},"end":{"line":77,"column":2}},"4":{"start":{"line":79,"column":0},"end":{"line":81,"column":3}},"5":{"start":{"line":80,"column":2},"end":{"line":80,"column":18}},"6":{"start":{"line":83,"column":0},"end":{"line":83,"column":58}}},"fnMap":{"0":{"name":"(anonymous_0)","decl":{"start":{"line":79,"column":32},"end":{"line":79,"column":33}},"loc":{"start":{"line":79,"column":43},"end":{"line":81,"column":1}},"line":79}},"branchMap":{},"s":{"0":1,"1":1,"2":1,"3":1,"4":1,"5":0,"6":1},"f":{"0":0},"b":{},"_coverageSchema":"1a1c01bbd47fc00a2c39e90264f33305004495a9","hash":"b55f3e7614ee540323e0437dd5b8bad438358093"}
,"C:\\Users\\Vineet\\OneDrive\\Documents\\Odoo_X_GV_PLM\\backend\\src\\models\\Setting.js": {"path":"C:\\Users\\Vineet\\OneDrive\\Documents\\Odoo_X_GV_PLM\\backend\\src\\models\\Setting.js","statementMap":{"0":{"start":{"line":1,"column":17},"end":{"line":1,"column":36}},"1":{"start":{"line":3,"column":22},"end":{"line":15,"column":2}},"2":{"start":{"line":17,"column":0},"end":{"line":17,"column":58}}},"fnMap":{},"branchMap":{},"s":{"0":1,"1":1,"2":1},"f":{},"b":{},"_coverageSchema":"1a1c01bbd47fc00a2c39e90264f33305004495a9","hash":"1cc976fec759706b1798b8d49b808df3c2a40586"}
,"C:\\Users\\Vineet\\OneDrive\\Documents\\Odoo_X_GV_PLM\\backend\\src\\models\\User.js": {"path":"C:\\Users\\Vineet\\OneDrive\\Documents\\Odoo_X_GV_PLM\\backend\\src\\models\\User.js","statementMap":{"0":{"start":{"line":1,"column":17},"end":{"line":1,"column":36}},"1":{"start":{"line":2,"column":15},"end":{"line":2,"column":34}},"2":{"start":{"line":4,"column":19},"end":{"line":42,"column":2}},"3":{"start":{"line":44,"column":0},"end":{"line":46,"column":3}},"4":{"start":{"line":45,"column":2},"end":{"line":45,"column":18}},"5":{"start":{"line":49,"column":0},"end":{"line":54,"column":3}},"6":{"start":{"line":50,"column":2},"end":{"line":50,"column":50}},"7":{"start":{"line":50,"column":36},"end":{"line":50,"column":50}},"8":{"start":{"line":51,"column":15},"end":{"line":51,"column":39}},"9":{"start":{"line":52,"column":2},"end":{"line":52,"column":57}},"10":{"start":{"line":53,"column":2},"end":{"line":53,"column":9}},"11":{"start":{"line":57,"column":0},"end":{"line":59,"column":2}},"12":{"start":{"line":58,"column":2},"end":{"line":58,"column":56}},"13":{"start":{"line":62,"column":0},"end":{"line":66,"column":2}},"14":{"start":{"line":63,"column":14},"end":{"line":63,"column":47}},"15":{"start":{"line":64,"column":2},"end":{"line":64,"column":22}},"16":{"start":{"line":65,"column":2},"end":{"line":65,"column":13}},"17":{"start":{"line":68,"column":0},"end":{"line":68,"column":52}}},"fnMap":{"0":{"name":"(anonymous_0)","decl":{"start":{"line":44,"column":29},"end":{"line":44,"column":30}},"loc":{"start":{"line":44,"column":40},"end":{"line":46,"column":1}},"line":44},"1":{"name":"(anonymous_1)","decl":{"start":{"line":49,"column":23},"end":{"line":49,"column":24}},"loc":{"start":{"line":49,"column":45},"end":{"line":54,"column":1}},"line":49},"2":{"name":"(anonymous_2)","decl":{"start":{"line":57,"column":37},"end":{"line":57,"column":38}},"loc":{"start":{"line":57,"column":70},"end":{"line":59,"column":1}},"line":57},"3":{"name":"(anonymous_3)","decl":{"start":{"line":62,"column":28},"end":{"line":62,"column":29}},"loc":{"start":{"line":62,"column":40},"end":{"line":66,"column":1}},"line":62}},"branchMap":{"0":{"loc":{"start":{"line":50,"column":2},"end":{"line":50,"column":50}},"type":"if","locations":[{"start":{"line":50,"column":2},"end":{"line":50,"column":50}},{"start":{},"end":{}}],"line":50}},"s":{"0":1,"1":1,"2":1,"3":1,"4":6,"5":1,"6":0,"7":0,"8":0,"9":0,"10":0,"11":1,"12":2,"13":1,"14":0,"15":0,"16":0,"17":1},"f":{"0":6,"1":0,"2":2,"3":0},"b":{"0":[0,0]},"_coverageSchema":"1a1c01bbd47fc00a2c39e90264f33305004495a9","hash":"08ade0923300d5a574cf874d9baac26d5907ea2b"}
,"C:\\Users\\Vineet\\OneDrive\\Documents\\Odoo_X_GV_PLM\\backend\\src\\routes\\activities.js": {"path":"C:\\Users\\Vineet\\OneDrive\\Documents\\Odoo_X_GV_PLM\\backend\\src\\routes\\activities.js","statementMap":{"0":{"start":{"line":1,"column":16},"end":{"line":1,"column":34}},"1":{"start":{"line":2,"column":17},"end":{"line":2,"column":46}},"2":{"start":{"line":3,"column":23},"end":{"line":3,"column":52}},"3":{"start":{"line":5,"column":15},"end":{"line":5,"column":31}},"4":{"start":{"line":8,"column":0},"end":{"line":15,"column":3}},"5":{"start":{"line":9,"column":2},"end":{"line":14,"column":3}},"6":{"start":{"line":10,"column":23},"end":{"line":10,"column":68}},"7":{"start":{"line":11,"column":4},"end":{"line":11,"column":50}},"8":{"start":{"line":13,"column":4},"end":{"line":13,"column":84}},"9":{"start":{"line":18,"column":0},"end":{"line":34,"column":3}},"10":{"start":{"line":19,"column":2},"end":{"line":33,"column":3}},"11":{"start":{"line":20,"column":54},"end":{"line":20,"column":62}},"12":{"start":{"line":21,"column":21},"end":{"line":29,"column":6}},"13":{"start":{"line":30,"column":4},"end":{"line":30,"column":60}},"14":{"start":{"line":32,"column":4},"end":{"line":32,"column":83}},"15":{"start":{"line":36,"column":0},"end":{"line":36,"column":24}}},"fnMap":{"0":{"name":"(anonymous_0)","decl":{"start":{"line":8,"column":32},"end":{"line":8,"column":33}},"loc":{"start":{"line":8,"column":52},"end":{"line":15,"column":1}},"line":8},"1":{"name":"(anonymous_1)","decl":{"start":{"line":18,"column":33},"end":{"line":18,"column":34}},"loc":{"start":{"line":18,"column":53},"end":{"line":34,"column":1}},"line":18}},"branchMap":{"0":{"loc":{"start":{"line":28,"column":13},"end":{"line":28,"column":26}},"type":"binary-expr","locations":[{"start":{"line":28,"column":13},"end":{"line":28,"column":18}},{"start":{"line":28,"column":22},"end":{"line":28,"column":26}}],"line":28}},"s":{"0":1,"1":1,"2":1,"3":1,"4":1,"5":0,"6":0,"7":0,"8":0,"9":1,"10":0,"11":0,"12":0,"13":0,"14":0,"15":1},"f":{"0":0,"1":0},"b":{"0":[0,0]},"_coverageSchema":"1a1c01bbd47fc00a2c39e90264f33305004495a9","hash":"0f3786e380f4bb7dcd77a94b18f9621b1f8f5bf0"}
,"C:\\Users\\Vineet\\OneDrive\\Documents\\Odoo_X_GV_PLM\\backend\\src\\routes\\approvalRules.js": {"path":"C:\\Users\\Vineet\\OneDrive\\Documents\\Odoo_X_GV_PLM\\backend\\src\\routes\\approvalRules.js","statementMap":{"0":{"start":{"line":1,"column":16},"end":{"line":1,"column":34}},"1":{"start":{"line":2,"column":21},"end":{"line":2,"column":54}},"2":{"start":{"line":3,"column":23},"end":{"line":3,"column":52}},"3":{"start":{"line":4,"column":23},"end":{"line":4,"column":53}},"4":{"start":{"line":6,"column":15},"end":{"line":6,"column":31}},"5":{"start":{"line":9,"column":0},"end":{"line":16,"column":3}},"6":{"start":{"line":10,"column":2},"end":{"line":15,"column":3}},"7":{"start":{"line":11,"column":18},"end":{"line":11,"column":43}},"8":{"start":{"line":12,"column":4},"end":{"line":12,"column":45}},"9":{"start":{"line":14,"column":4},"end":{"line":14,"column":88}},"10":{"start":{"line":19,"column":0},"end":{"line":34,"column":3}},"11":{"start":{"line":20,"column":2},"end":{"line":33,"column":3}},"12":{"start":{"line":21,"column":62},"end":{"line":21,"column":70}},"13":{"start":{"line":22,"column":17},"end":{"line":29,"column":6}},"14":{"start":{"line":30,"column":4},"end":{"line":30,"column":56}},"15":{"start":{"line":32,"column":4},"end":{"line":32,"column":88}},"16":{"start":{"line":37,"column":0},"end":{"line":56,"column":3}},"17":{"start":{"line":38,"column":2},"end":{"line":55,"column":3}},"18":{"start":{"line":39,"column":17},"end":{"line":39,"column":67}},"19":{"start":{"line":40,"column":4},"end":{"line":42,"column":5}},"20":{"start":{"line":41,"column":6},"end":{"line":41,"column":81}},"21":{"start":{"line":44,"column":62},"end":{"line":44,"column":70}},"22":{"start":{"line":45,"column":4},"end":{"line":45,"column":31}},"23":{"start":{"line":45,"column":14},"end":{"line":45,"column":31}},"24":{"start":{"line":46,"column":4},"end":{"line":46,"column":49}},"25":{"start":{"line":46,"column":20},"end":{"line":46,"column":49}},"26":{"start":{"line":47,"column":4},"end":{"line":47,"column":34}},"27":{"start":{"line":47,"column":15},"end":{"line":47,"column":34}},"28":{"start":{"line":48,"column":4},"end":{"line":48,"column":55}},"29":{"start":{"line":48,"column":22},"end":{"line":48,"column":55}},"30":{"start":{"line":49,"column":4},"end":{"line":49,"column":37}},"31":{"start":{"line":49,"column":16},"end":{"line":49,"column":37}},"32":{"start":{"line":51,"column":4},"end":{"line":51,"column":22}},"33":{"start":{"line":52,"column":4},"end":{"line":52,"column":44}},"34":{"start":{"line":54,"column":4},"end":{"line":54,"column":88}},"35":{"start":{"line":59,"column":0},"end":{"line":69,"column":3}},"36":{"start":{"line":60,"column":2},"end":{"line":68,"column":3}},"37":{"start":{"line":61,"column":17},"end":{"line":61,"column":76}},"38":{"start":{"line":62,"column":4},"end":{"line":64,"column":5}},"39":{"start":{"line":63,"column":6},"end":{"line":63,"column":81}},"40":{"start":{"line":65,"column":4},"end":{"line":65,"column":57}},"41":{"start":{"line":67,"column":4},"end":{"line":67,"column":88}},"42":{"start":{"line":71,"column":0},"end":{"line":71,"column":24}}},"fnMap":{"0":{"name":"(anonymous_0)","decl":{"start":{"line":9,"column":32},"end":{"line":9,"column":33}},"loc":{"start":{"line":9,"column":52},"end":{"line":16,"column":1}},"line":9},"1":{"name":"(anonymous_1)","decl":{"start":{"line":19,"column":60},"end":{"line":19,"column":61}},"loc":{"start":{"line":19,"column":80},"end":{"line":34,"column":1}},"line":19},"2":{"name":"(anonymous_2)","decl":{"start":{"line":37,"column":62},"end":{"line":37,"column":63}},"loc":{"start":{"line":37,"column":82},"end":{"line":56,"column":1}},"line":37},"3":{"name":"(anonymous_3)","decl":{"start":{"line":59,"column":65},"end":{"line":59,"column":66}},"loc":{"start":{"line":59,"column":85},"end":{"line":69,"column":1}},"line":59}},"branchMap":{"0":{"loc":{"start":{"line":28,"column":14},"end":{"line":28,"column":32}},"type":"binary-expr","locations":[{"start":{"line":28,"column":14},"end":{"line":28,"column":20}},{"start":{"line":28,"column":24},"end":{"line":28,"column":32}}],"line":28},"1":{"loc":{"start":{"line":40,"column":4},"end":{"line":42,"column":5}},"type":"if","locations":[{"start":{"line":40,"column":4},"end":{"line":42,"column":5}},{"start":{},"end":{}}],"line":40},"2":{"loc":{"start":{"line":45,"column":4},"end":{"line":45,"column":31}},"type":"if","locations":[{"start":{"line":45,"column":4},"end":{"line":45,"column":31}},{"start":{},"end":{}}],"line":45},"3":{"loc":{"start":{"line":46,"column":4},"end":{"line":46,"column":49}},"type":"if","locations":[{"start":{"line":46,"column":4},"end":{"line":46,"column":49}},{"start":{},"end":{}}],"line":46},"4":{"loc":{"start":{"line":47,"column":4},"end":{"line":47,"column":34}},"type":"if","locations":[{"start":{"line":47,"column":4},"end":{"line":47,"column":34}},{"start":{},"end":{}}],"line":47},"5":{"loc":{"start":{"line":48,"column":4},"end":{"line":48,"column":55}},"type":"if","locations":[{"start":{"line":48,"column":4},"end":{"line":48,"column":55}},{"start":{},"end":{}}],"line":48},"6":{"loc":{"start":{"line":49,"column":4},"end":{"line":49,"column":37}},"type":"if","locations":[{"start":{"line":49,"column":4},"end":{"line":49,"column":37}},{"start":{},"end":{}}],"line":49},"7":{"loc":{"start":{"line":62,"column":4},"end":{"line":64,"column":5}},"type":"if","locations":[{"start":{"line":62,"column":4},"end":{"line":64,"column":5}},{"start":{},"end":{}}],"line":62}},"s":{"0":1,"1":1,"2":1,"3":1,"4":1,"5":1,"6":0,"7":0,"8":0,"9":0,"10":1,"11":0,"12":0,"13":0,"14":0,"15":0,"16":1,"17":0,"18":0,"19":0,"20":0,"21":0,"22":0,"23":0,"24":0,"25":0,"26":0,"27":0,"28":0,"29":0,"30":0,"31":0,"32":0,"33":0,"34":0,"35":1,"36":0,"37":0,"38":0,"39":0,"40":0,"41":0,"42":1},"f":{"0":0,"1":0,"2":0,"3":0},"b":{"0":[0,0],"1":[0,0],"2":[0,0],"3":[0,0],"4":[0,0],"5":[0,0],"6":[0,0],"7":[0,0]},"_coverageSchema":"1a1c01bbd47fc00a2c39e90264f33305004495a9","hash":"1848da47d3338466ee12263733fcf02b95bf62d5"}
,"C:\\Users\\Vineet\\OneDrive\\Documents\\Odoo_X_GV_PLM\\backend\\src\\routes\\auth.js": {"path":"C:\\Users\\Vineet\\OneDrive\\Documents\\Odoo_X_GV_PLM\\backend\\src\\routes\\auth.js","statementMap":{"0":{"start":{"line":1,"column":16},"end":{"line":1,"column":34}},"1":{"start":{"line":2,"column":12},"end":{"line":2,"column":35}},"2":{"start":{"line":3,"column":35},"end":{"line":3,"column":63}},"3":{"start":{"line":4,"column":13},"end":{"line":4,"column":38}},"4":{"start":{"line":5,"column":23},"end":{"line":5,"column":52}},"5":{"start":{"line":7,"column":15},"end":{"line":7,"column":31}},"6":{"start":{"line":10,"column":0},"end":{"line":72,"column":3}},"7":{"start":{"line":14,"column":2},"end":{"line":71,"column":3}},"8":{"start":{"line":15,"column":19},"end":{"line":15,"column":40}},"9":{"start":{"line":16,"column":4},"end":{"line":21,"column":5}},"10":{"start":{"line":17,"column":6},"end":{"line":20,"column":9}},"11":{"start":{"line":19,"column":41},"end":{"line":19,"column":46}},"12":{"start":{"line":23,"column":32},"end":{"line":23,"column":40}},"13":{"start":{"line":24,"column":17},"end":{"line":24,"column":46}},"14":{"start":{"line":26,"column":4},"end":{"line":31,"column":5}},"15":{"start":{"line":27,"column":6},"end":{"line":30,"column":9}},"16":{"start":{"line":33,"column":20},"end":{"line":33,"column":56}},"17":{"start":{"line":35,"column":4},"end":{"line":40,"column":5}},"18":{"start":{"line":36,"column":6},"end":{"line":39,"column":9}},"19":{"start":{"line":42,"column":20},"end":{"line":47,"column":5}},"20":{"start":{"line":49,"column":18},"end":{"line":51,"column":6}},"21":{"start":{"line":53,"column":4},"end":{"line":65,"column":7}},"22":{"start":{"line":67,"column":4},"end":{"line":70,"column":7}},"23":{"start":{"line":75,"column":0},"end":{"line":94,"column":3}},"24":{"start":{"line":76,"column":2},"end":{"line":93,"column":3}},"25":{"start":{"line":77,"column":17},"end":{"line":77,"column":57}},"26":{"start":{"line":78,"column":4},"end":{"line":80,"column":5}},"27":{"start":{"line":79,"column":6},"end":{"line":79,"column":81}},"28":{"start":{"line":81,"column":4},"end":{"line":90,"column":7}},"29":{"start":{"line":92,"column":4},"end":{"line":92,"column":84}},"30":{"start":{"line":96,"column":0},"end":{"line":96,"column":24}}},"fnMap":{"0":{"name":"(anonymous_0)","decl":{"start":{"line":13,"column":3},"end":{"line":13,"column":4}},"loc":{"start":{"line":13,"column":23},"end":{"line":72,"column":1}},"line":13},"1":{"name":"(anonymous_1)","decl":{"start":{"line":19,"column":36},"end":{"line":19,"column":37}},"loc":{"start":{"line":19,"column":41},"end":{"line":19,"column":46}},"line":19},"2":{"name":"(anonymous_2)","decl":{"start":{"line":75,"column":34},"end":{"line":75,"column":35}},"loc":{"start":{"line":75,"column":54},"end":{"line":94,"column":1}},"line":75}},"branchMap":{"0":{"loc":{"start":{"line":16,"column":4},"end":{"line":21,"column":5}},"type":"if","locations":[{"start":{"line":16,"column":4},"end":{"line":21,"column":5}},{"start":{},"end":{}}],"line":16},"1":{"loc":{"start":{"line":26,"column":4},"end":{"line":31,"column":5}},"type":"if","locations":[{"start":{"line":26,"column":4},"end":{"line":31,"column":5}},{"start":{},"end":{}}],"line":26},"2":{"loc":{"start":{"line":35,"column":4},"end":{"line":40,"column":5}},"type":"if","locations":[{"start":{"line":35,"column":4},"end":{"line":40,"column":5}},{"start":{},"end":{}}],"line":35},"3":{"loc":{"start":{"line":78,"column":4},"end":{"line":80,"column":5}},"type":"if","locations":[{"start":{"line":78,"column":4},"end":{"line":80,"column":5}},{"start":{},"end":{}}],"line":78}},"s":{"0":1,"1":1,"2":1,"3":1,"4":1,"5":1,"6":1,"7":4,"8":4,"9":4,"10":1,"11":2,"12":3,"13":3,"14":3,"15":1,"16":2,"17":2,"18":1,"19":1,"20":1,"21":1,"22":0,"23":1,"24":1,"25":1,"26":1,"27":0,"28":1,"29":0,"30":1},"f":{"0":4,"1":2,"2":1},"b":{"0":[1,3],"1":[1,2],"2":[1,1],"3":[0,1]},"_coverageSchema":"1a1c01bbd47fc00a2c39e90264f33305004495a9","hash":"16b448e010065ea8b5da01a11714bb57cf30e846"}
,"C:\\Users\\Vineet\\OneDrive\\Documents\\Odoo_X_GV_PLM\\backend\\src\\routes\\boms.js": {"path":"C:\\Users\\Vineet\\OneDrive\\Documents\\Odoo_X_GV_PLM\\backend\\src\\routes\\boms.js","statementMap":{"0":{"start":{"line":1,"column":16},"end":{"line":1,"column":34}},"1":{"start":{"line":2,"column":12},"end":{"line":2,"column":36}},"2":{"start":{"line":3,"column":23},"end":{"line":3,"column":52}},"3":{"start":{"line":4,"column":23},"end":{"line":4,"column":53}},"4":{"start":{"line":6,"column":15},"end":{"line":6,"column":31}},"5":{"start":{"line":9,"column":0},"end":{"line":16,"column":3}},"6":{"start":{"line":10,"column":2},"end":{"line":15,"column":3}},"7":{"start":{"line":11,"column":17},"end":{"line":11,"column":55}},"8":{"start":{"line":12,"column":4},"end":{"line":12,"column":44}},"9":{"start":{"line":14,"column":4},"end":{"line":14,"column":78}},"10":{"start":{"line":19,"column":0},"end":{"line":29,"column":3}},"11":{"start":{"line":20,"column":2},"end":{"line":28,"column":3}},"12":{"start":{"line":21,"column":16},"end":{"line":21,"column":57}},"13":{"start":{"line":22,"column":4},"end":{"line":24,"column":5}},"14":{"start":{"line":23,"column":6},"end":{"line":23,"column":80}},"15":{"start":{"line":25,"column":4},"end":{"line":25,"column":43}},"16":{"start":{"line":27,"column":4},"end":{"line":27,"column":77}},"17":{"start":{"line":32,"column":0},"end":{"line":61,"column":3}},"18":{"start":{"line":33,"column":2},"end":{"line":60,"column":3}},"19":{"start":{"line":34,"column":69},"end":{"line":34,"column":77}},"20":{"start":{"line":35,"column":19},"end":{"line":56,"column":6}},"21":{"start":{"line":42,"column":52},"end":{"line":49,"column":7}},"22":{"start":{"line":50,"column":53},"end":{"line":55,"column":7}},"23":{"start":{"line":57,"column":4},"end":{"line":57,"column":58}},"24":{"start":{"line":59,"column":4},"end":{"line":59,"column":78}},"25":{"start":{"line":63,"column":0},"end":{"line":63,"column":24}}},"fnMap":{"0":{"name":"(anonymous_0)","decl":{"start":{"line":9,"column":32},"end":{"line":9,"column":33}},"loc":{"start":{"line":9,"column":52},"end":{"line":16,"column":1}},"line":9},"1":{"name":"(anonymous_1)","decl":{"start":{"line":19,"column":35},"end":{"line":19,"column":36}},"loc":{"start":{"line":19,"column":55},"end":{"line":29,"column":1}},"line":19},"2":{"name":"(anonymous_2)","decl":{"start":{"line":32,"column":80},"end":{"line":32,"column":81}},"loc":{"start":{"line":32,"column":100},"end":{"line":61,"column":1}},"line":32},"3":{"name":"(anonymous_3)","decl":{"start":{"line":42,"column":41},"end":{"line":42,"column":42}},"loc":{"start":{"line":42,"column":52},"end":{"line":49,"column":7}},"line":42},"4":{"name":"(anonymous_4)","decl":{"start":{"line":50,"column":41},"end":{"line":50,"column":42}},"loc":{"start":{"line":50,"column":53},"end":{"line":55,"column":7}},"line":50}},"branchMap":{"0":{"loc":{"start":{"line":22,"column":4},"end":{"line":24,"column":5}},"type":"if","locations":[{"start":{"line":22,"column":4},"end":{"line":24,"column":5}},{"start":{},"end":{}}],"line":22},"1":{"loc":{"start":{"line":39,"column":19},"end":{"line":39,"column":36}},"type":"binary-expr","locations":[{"start":{"line":39,"column":19},"end":{"line":39,"column":30}},{"start":{"line":39,"column":34},"end":{"line":39,"column":36}}],"line":39},"2":{"loc":{"start":{"line":42,"column":19},"end":{"line":42,"column":35}},"type":"binary-expr","locations":[{"start":{"line":42,"column":19},"end":{"line":42,"column":29}},{"start":{"line":42,"column":33},"end":{"line":42,"column":35}}],"line":42},"3":{"loc":{"start":{"line":43,"column":12},"end":{"line":43,"column":45}},"type":"binary-expr","locations":[{"start":{"line":43,"column":12},"end":{"line":43,"column":16}},{"start":{"line":43,"column":20},"end":{"line":43,"column":45}}],"line":43},"4":{"loc":{"start":{"line":45,"column":20},"end":{"line":45,"column":38}},"type":"binary-expr","locations":[{"start":{"line":45,"column":20},"end":{"line":45,"column":32}},{"start":{"line":45,"column":36},"end":{"line":45,"column":38}}],"line":45},"5":{"loc":{"start":{"line":46,"column":18},"end":{"line":46,"column":33}},"type":"binary-expr","locations":[{"start":{"line":46,"column":18},"end":{"line":46,"column":28}},{"start":{"line":46,"column":32},"end":{"line":46,"column":33}}],"line":46},"6":{"loc":{"start":{"line":47,"column":14},"end":{"line":47,"column":29}},"type":"binary-expr","locations":[{"start":{"line":47,"column":14},"end":{"line":47,"column":20}},{"start":{"line":47,"column":24},"end":{"line":47,"column":29}}],"line":47},"7":{"loc":{"start":{"line":48,"column":14},"end":{"line":48,"column":25}},"type":"binary-expr","locations":[{"start":{"line":48,"column":14},"end":{"line":48,"column":20}},{"start":{"line":48,"column":24},"end":{"line":48,"column":25}}],"line":48},"8":{"loc":{"start":{"line":50,"column":19},"end":{"line":50,"column":35}},"type":"binary-expr","locations":[{"start":{"line":50,"column":19},"end":{"line":50,"column":29}},{"start":{"line":50,"column":33},"end":{"line":50,"column":35}}],"line":50},"9":{"loc":{"start":{"line":51,"column":12},"end":{"line":51,"column":44}},"type":"binary-expr","locations":[{"start":{"line":51,"column":12},"end":{"line":51,"column":17}},{"start":{"line":51,"column":21},"end":{"line":51,"column":44}}],"line":51},"10":{"loc":{"start":{"line":53,"column":20},"end":{"line":53,"column":39}},"type":"binary-expr","locations":[{"start":{"line":53,"column":20},"end":{"line":53,"column":33}},{"start":{"line":53,"column":37},"end":{"line":53,"column":39}}],"line":53},"11":{"loc":{"start":{"line":54,"column":18},"end":{"line":54,"column":35}},"type":"binary-expr","locations":[{"start":{"line":54,"column":18},"end":{"line":54,"column":29}},{"start":{"line":54,"column":33},"end":{"line":54,"column":35}}],"line":54}},"s":{"0":1,"1":1,"2":1,"3":1,"4":1,"5":1,"6":0,"7":0,"8":0,"9":0,"10":1,"11":0,"12":0,"13":0,"14":0,"15":0,"16":0,"17":1,"18":0,"19":0,"20":0,"21":0,"22":0,"23":0,"24":0,"25":1},"f":{"0":0,"1":0,"2":0,"3":0,"4":0},"b":{"0":[0,0],"1":[0,0],"2":[0,0],"3":[0,0],"4":[0,0],"5":[0,0],"6":[0,0],"7":[0,0],"8":[0,0],"9":[0,0],"10":[0,0],"11":[0,0]},"_coverageSchema":"1a1c01bbd47fc00a2c39e90264f33305004495a9","hash":"c93f0d98c4a96b8d3650138120fc17b788f81fe9"}
,"C:\\Users\\Vineet\\OneDrive\\Documents\\Odoo_X_GV_PLM\\backend\\src\\routes\\dashboard.js": {"path":"C:\\Users\\Vineet\\OneDrive\\Documents\\Odoo_X_GV_PLM\\backend\\src\\routes\\dashboard.js","statementMap":{"0":{"start":{"line":1,"column":16},"end":{"line":1,"column":34}},"1":{"start":{"line":2,"column":16},"end":{"line":2,"column":44}},"2":{"start":{"line":3,"column":12},"end":{"line":3,"column":36}},"3":{"start":{"line":4,"column":12},"end":{"line":4,"column":36}},"4":{"start":{"line":5,"column":13},"end":{"line":5,"column":38}},"5":{"start":{"line":6,"column":23},"end":{"line":6,"column":52}},"6":{"start":{"line":8,"column":15},"end":{"line":8,"column":31}},"7":{"start":{"line":11,"column":0},"end":{"line":52,"column":3}},"8":{"start":{"line":12,"column":2},"end":{"line":51,"column":3}},"9":{"start":{"line":13,"column":58},"end":{"line":18,"column":6}},"10":{"start":{"line":20,"column":17},"end":{"line":20,"column":33}},"11":{"start":{"line":22,"column":24},"end":{"line":28,"column":5}},"12":{"start":{"line":29,"column":27},"end":{"line":29,"column":57}},"13":{"start":{"line":30,"column":23},"end":{"line":30,"column":45}},"14":{"start":{"line":32,"column":4},"end":{"line":36,"column":7}},"15":{"start":{"line":33,"column":6},"end":{"line":33,"column":73}},"16":{"start":{"line":33,"column":48},"end":{"line":33,"column":73}},"17":{"start":{"line":34,"column":6},"end":{"line":34,"column":85}},"18":{"start":{"line":34,"column":54},"end":{"line":34,"column":85}},"19":{"start":{"line":35,"column":6},"end":{"line":35,"column":69}},"20":{"start":{"line":35,"column":46},"end":{"line":35,"column":69}},"21":{"start":{"line":38,"column":27},"end":{"line":38,"column":77}},"22":{"start":{"line":40,"column":4},"end":{"line":48,"column":7}},"23":{"start":{"line":50,"column":4},"end":{"line":50,"column":89}},"24":{"start":{"line":54,"column":0},"end":{"line":54,"column":24}}},"fnMap":{"0":{"name":"(anonymous_0)","decl":{"start":{"line":11,"column":37},"end":{"line":11,"column":38}},"loc":{"start":{"line":11,"column":57},"end":{"line":52,"column":1}},"line":11},"1":{"name":"(anonymous_1)","decl":{"start":{"line":32,"column":17},"end":{"line":32,"column":18}},"loc":{"start":{"line":32,"column":24},"end":{"line":36,"column":5}},"line":32}},"branchMap":{"0":{"loc":{"start":{"line":33,"column":6},"end":{"line":33,"column":73}},"type":"if","locations":[{"start":{"line":33,"column":6},"end":{"line":33,"column":73}},{"start":{},"end":{}}],"line":33},"1":{"loc":{"start":{"line":34,"column":6},"end":{"line":34,"column":85}},"type":"if","locations":[{"start":{"line":34,"column":6},"end":{"line":34,"column":85}},{"start":{},"end":{}}],"line":34},"2":{"loc":{"start":{"line":35,"column":6},"end":{"line":35,"column":69}},"type":"if","locations":[{"start":{"line":35,"column":6},"end":{"line":35,"column":69}},{"start":{},"end":{}}],"line":35}},"s":{"0":1,"1":1,"2":1,"3":1,"4":1,"5":1,"6":1,"7":1,"8":0,"9":0,"10":0,"11":0,"12":0,"13":0,"14":0,"15":0,"16":0,"17":0,"18":0,"19":0,"20":0,"21":0,"22":0,"23":0,"24":1},"f":{"0":0,"1":0},"b":{"0":[0,0],"1":[0,0],"2":[0,0]},"_coverageSchema":"1a1c01bbd47fc00a2c39e90264f33305004495a9","hash":"ffe2745bc5661bec3f9cf7fd1c11df6ef546b5c1"}
,"C:\\Users\\Vineet\\OneDrive\\Documents\\Odoo_X_GV_PLM\\backend\\src\\routes\\ecos.js": {"path":"C:\\Users\\Vineet\\OneDrive\\Documents\\Odoo_X_GV_PLM\\backend\\src\\routes\\ecos.js","statementMap":{"0":{"start":{"line":1,"column":16},"end":{"line":1,"column":34}},"1":{"start":{"line":2,"column":35},"end":{"line":2,"column":63}},"2":{"start":{"line":3,"column":12},"end":{"line":3,"column":36}},"3":{"start":{"line":4,"column":23},"end":{"line":4,"column":52}},"4":{"start":{"line":5,"column":23},"end":{"line":5,"column":53}},"5":{"start":{"line":7,"column":15},"end":{"line":7,"column":31}},"6":{"start":{"line":10,"column":0},"end":{"line":21,"column":3}},"7":{"start":{"line":11,"column":2},"end":{"line":20,"column":3}},"8":{"start":{"line":12,"column":16},"end":{"line":12,"column":18}},"9":{"start":{"line":13,"column":4},"end":{"line":15,"column":5}},"10":{"start":{"line":14,"column":6},"end":{"line":14,"column":27}},"11":{"start":{"line":16,"column":17},"end":{"line":16,"column":62}},"12":{"start":{"line":17,"column":4},"end":{"line":17,"column":44}},"13":{"start":{"line":19,"column":4},"end":{"line":19,"column":78}},"14":{"start":{"line":24,"column":0},"end":{"line":80,"column":3}},"15":{"start":{"line":29,"column":2},"end":{"line":79,"column":3}},"16":{"start":{"line":30,"column":19},"end":{"line":30,"column":40}},"17":{"start":{"line":31,"column":4},"end":{"line":36,"column":5}},"18":{"start":{"line":32,"column":6},"end":{"line":35,"column":9}},"19":{"start":{"line":34,"column":41},"end":{"line":34,"column":46}},"20":{"start":{"line":42,"column":8},"end":{"line":42,"column":16}},"21":{"start":{"line":45,"column":24},"end":{"line":45,"column":48}},"22":{"start":{"line":46,"column":23},"end":{"line":46,"column":44}},"23":{"start":{"line":47,"column":18},"end":{"line":49,"column":6}},"24":{"start":{"line":50,"column":22},"end":{"line":50,"column":79}},"25":{"start":{"line":52,"column":16},"end":{"line":73,"column":6}},"26":{"start":{"line":75,"column":4},"end":{"line":75,"column":55}},"27":{"start":{"line":77,"column":4},"end":{"line":77,"column":48}},"28":{"start":{"line":78,"column":4},"end":{"line":78,"column":78}},"29":{"start":{"line":83,"column":0},"end":{"line":96,"column":3}},"30":{"start":{"line":84,"column":2},"end":{"line":95,"column":3}},"31":{"start":{"line":85,"column":16},"end":{"line":85,"column":57}},"32":{"start":{"line":86,"column":4},"end":{"line":88,"column":5}},"33":{"start":{"line":87,"column":6},"end":{"line":87,"column":80}},"34":{"start":{"line":89,"column":4},"end":{"line":91,"column":5}},"35":{"start":{"line":90,"column":6},"end":{"line":90,"column":115}},"36":{"start":{"line":92,"column":4},"end":{"line":92,"column":43}},"37":{"start":{"line":94,"column":4},"end":{"line":94,"column":77}},"38":{"start":{"line":99,"column":0},"end":{"line":171,"column":3}},"39":{"start":{"line":102,"column":2},"end":{"line":170,"column":3}},"40":{"start":{"line":103,"column":19},"end":{"line":103,"column":40}},"41":{"start":{"line":104,"column":4},"end":{"line":109,"column":5}},"42":{"start":{"line":105,"column":6},"end":{"line":108,"column":9}},"43":{"start":{"line":107,"column":41},"end":{"line":107,"column":46}},"44":{"start":{"line":111,"column":31},"end":{"line":111,"column":39}},"45":{"start":{"line":112,"column":16},"end":{"line":112,"column":57}},"46":{"start":{"line":114,"column":4},"end":{"line":116,"column":5}},"47":{"start":{"line":115,"column":6},"end":{"line":115,"column":80}},"48":{"start":{"line":118,"column":21},"end":{"line":118,"column":34}},"49":{"start":{"line":119,"column":25},"end":{"line":119,"column":34}},"50":{"start":{"line":121,"column":29},"end":{"line":126,"column":5}},"51":{"start":{"line":128,"column":4},"end":{"line":133,"column":5}},"52":{"start":{"line":129,"column":6},"end":{"line":132,"column":9}},"53":{"start":{"line":135,"column":4},"end":{"line":140,"column":5}},"54":{"start":{"line":136,"column":6},"end":{"line":139,"column":9}},"55":{"start":{"line":142,"column":4},"end":{"line":147,"column":5}},"56":{"start":{"line":143,"column":6},"end":{"line":146,"column":9}},"57":{"start":{"line":150,"column":4},"end":{"line":155,"column":5}},"58":{"start":{"line":151,"column":24},"end":{"line":151,"column":56}},"59":{"start":{"line":151,"column":57},"end":{"line":151,"column":63}},"60":{"start":{"line":152,"column":23},"end":{"line":152,"column":57}},"61":{"start":{"line":152,"column":58},"end":{"line":152,"column":64}},"62":{"start":{"line":153,"column":19},"end":{"line":153,"column":39}},"63":{"start":{"line":153,"column":40},"end":{"line":153,"column":46}},"64":{"start":{"line":154,"column":15},"end":{"line":154,"column":44}},"65":{"start":{"line":157,"column":4},"end":{"line":162,"column":7}},"66":{"start":{"line":164,"column":4},"end":{"line":164,"column":22}},"67":{"start":{"line":165,"column":4},"end":{"line":165,"column":21}},"68":{"start":{"line":167,"column":4},"end":{"line":167,"column":43}},"69":{"start":{"line":169,"column":4},"end":{"line":169,"column":84}},"70":{"start":{"line":174,"column":0},"end":{"line":207,"column":3}},"71":{"start":{"line":177,"column":2},"end":{"line":206,"column":3}},"72":{"start":{"line":178,"column":19},"end":{"line":178,"column":40}},"73":{"start":{"line":179,"column":4},"end":{"line":184,"column":5}},"74":{"start":{"line":180,"column":6},"end":{"line":183,"column":9}},"75":{"start":{"line":182,"column":41},"end":{"line":182,"column":46}},"76":{"start":{"line":186,"column":24},"end":{"line":186,"column":32}},"77":{"start":{"line":187,"column":16},"end":{"line":187,"column":57}},"78":{"start":{"line":189,"column":4},"end":{"line":191,"column":5}},"79":{"start":{"line":190,"column":6},"end":{"line":190,"column":80}},"80":{"start":{"line":193,"column":4},"end":{"line":198,"column":7}},"81":{"start":{"line":200,"column":4},"end":{"line":200,"column":22}},"82":{"start":{"line":201,"column":4},"end":{"line":201,"column":21}},"83":{"start":{"line":203,"column":4},"end":{"line":203,"column":43}},"84":{"start":{"line":205,"column":4},"end":{"line":205,"column":78}},"85":{"start":{"line":210,"column":0},"end":{"line":226,"column":3}},"86":{"start":{"line":211,"column":2},"end":{"line":225,"column":3}},"87":{"start":{"line":212,"column":23},"end":{"line":212,"column":31}},"88":{"start":{"line":213,"column":16},"end":{"line":213,"column":57}},"89":{"start":{"line":215,"column":4},"end":{"line":217,"column":5}},"90":{"start":{"line":216,"column":6},"end":{"line":216,"column":80}},"91":{"start":{"line":219,"column":4},"end":{"line":219,"column":38}},"92":{"start":{"line":220,"column":4},"end":{"line":220,"column":21}},"93":{"start":{"line":222,"column":4},"end":{"line":222,"column":43}},"94":{"start":{"line":224,"column":4},"end":{"line":224,"column":85}},"95":{"start":{"line":229,"column":0},"end":{"line":263,"column":3}},"96":{"start":{"line":232,"column":2},"end":{"line":262,"column":3}},"97":{"start":{"line":233,"column":19},"end":{"line":233,"column":40}},"98":{"start":{"line":234,"column":4},"end":{"line":239,"column":5}},"99":{"start":{"line":235,"column":6},"end":{"line":238,"column":9}},"100":{"start":{"line":237,"column":41},"end":{"line":237,"column":46}},"101":{"start":{"line":241,"column":32},"end":{"line":241,"column":40}},"102":{"start":{"line":242,"column":16},"end":{"line":242,"column":57}},"103":{"start":{"line":244,"column":4},"end":{"line":246,"column":5}},"104":{"start":{"line":245,"column":6},"end":{"line":245,"column":80}},"105":{"start":{"line":248,"column":24},"end":{"line":248,"column":87}},"106":{"start":{"line":248,"column":52},"end":{"line":248,"column":86}},"107":{"start":{"line":249,"column":4},"end":{"line":251,"column":5}},"108":{"start":{"line":250,"column":6},"end":{"line":250,"column":89}},"109":{"start":{"line":253,"column":4},"end":{"line":253,"column":38}},"110":{"start":{"line":254,"column":4},"end":{"line":254,"column":46}},"111":{"start":{"line":255,"column":4},"end":{"line":255,"column":43}},"112":{"start":{"line":257,"column":4},"end":{"line":257,"column":21}},"113":{"start":{"line":259,"column":4},"end":{"line":259,"column":43}},"114":{"start":{"line":261,"column":4},"end":{"line":261,"column":87}},"115":{"start":{"line":265,"column":0},"end":{"line":265,"column":24}}},"fnMap":{"0":{"name":"(anonymous_0)","decl":{"start":{"line":10,"column":32},"end":{"line":10,"column":33}},"loc":{"start":{"line":10,"column":52},"end":{"line":21,"column":1}},"line":10},"1":{"name":"(anonymous_1)","decl":{"start":{"line":28,"column":3},"end":{"line":28,"column":4}},"loc":{"start":{"line":28,"column":23},"end":{"line":80,"column":1}},"line":28},"2":{"name":"(anonymous_2)","decl":{"start":{"line":34,"column":36},"end":{"line":34,"column":37}},"loc":{"start":{"line":34,"column":41},"end":{"line":34,"column":46}},"line":34},"3":{"name":"(anonymous_3)","decl":{"start":{"line":83,"column":35},"end":{"line":83,"column":36}},"loc":{"start":{"line":83,"column":55},"end":{"line":96,"column":1}},"line":83},"4":{"name":"(anonymous_4)","decl":{"start":{"line":101,"column":3},"end":{"line":101,"column":4}},"loc":{"start":{"line":101,"column":23},"end":{"line":171,"column":1}},"line":101},"5":{"name":"(anonymous_5)","decl":{"start":{"line":107,"column":36},"end":{"line":107,"column":37}},"loc":{"start":{"line":107,"column":41},"end":{"line":107,"column":46}},"line":107},"6":{"name":"(anonymous_6)","decl":{"start":{"line":176,"column":3},"end":{"line":176,"column":4}},"loc":{"start":{"line":176,"column":23},"end":{"line":207,"column":1}},"line":176},"7":{"name":"(anonymous_7)","decl":{"start":{"line":182,"column":36},"end":{"line":182,"column":37}},"loc":{"start":{"line":182,"column":41},"end":{"line":182,"column":46}},"line":182},"8":{"name":"(anonymous_8)","decl":{"start":{"line":210,"column":44},"end":{"line":210,"column":45}},"loc":{"start":{"line":210,"column":64},"end":{"line":226,"column":1}},"line":210},"9":{"name":"(anonymous_9)","decl":{"start":{"line":231,"column":3},"end":{"line":231,"column":4}},"loc":{"start":{"line":231,"column":23},"end":{"line":263,"column":1}},"line":231},"10":{"name":"(anonymous_10)","decl":{"start":{"line":237,"column":36},"end":{"line":237,"column":37}},"loc":{"start":{"line":237,"column":41},"end":{"line":237,"column":46}},"line":237},"11":{"name":"(anonymous_11)","decl":{"start":{"line":248,"column":46},"end":{"line":248,"column":47}},"loc":{"start":{"line":248,"column":52},"end":{"line":248,"column":86}},"line":248}},"branchMap":{"0":{"loc":{"start":{"line":13,"column":4},"end":{"line":15,"column":5}},"type":"if","locations":[{"start":{"line":13,"column":4},"end":{"line":15,"column":5}},{"start":{},"end":{}}],"line":13},"1":{"loc":{"start":{"line":31,"column":4},"end":{"line":36,"column":5}},"type":"if","locations":[{"start":{"line":31,"column":4},"end":{"line":36,"column":5}},{"start":{},"end":{}}],"line":31},"2":{"loc":{"start":{"line":58,"column":19},"end":{"line":58,"column":36}},"type":"binary-expr","locations":[{"start":{"line":58,"column":19},"end":{"line":58,"column":30}},{"start":{"line":58,"column":34},"end":{"line":58,"column":36}}],"line":58},"3":{"loc":{"start":{"line":59,"column":13},"end":{"line":59,"column":26}},"type":"binary-expr","locations":[{"start":{"line":59,"column":13},"end":{"line":59,"column":18}},{"start":{"line":59,"column":22},"end":{"line":59,"column":26}}],"line":59},"4":{"loc":{"start":{"line":61,"column":16},"end":{"line":61,"column":36}},"type":"binary-expr","locations":[{"start":{"line":61,"column":16},"end":{"line":61,"column":24}},{"start":{"line":61,"column":28},"end":{"line":61,"column":36}}],"line":61},"5":{"loc":{"start":{"line":62,"column":17},"end":{"line":62,"column":47}},"type":"binary-expr","locations":[{"start":{"line":62,"column":17},"end":{"line":62,"column":32}},{"start":{"line":62,"column":36},"end":{"line":62,"column":47}}],"line":62},"6":{"loc":{"start":{"line":65,"column":21},"end":{"line":65,"column":42}},"type":"binary-expr","locations":[{"start":{"line":65,"column":21},"end":{"line":65,"column":34}},{"start":{"line":65,"column":38},"end":{"line":65,"column":42}}],"line":65},"7":{"loc":{"start":{"line":66,"column":21},"end":{"line":66,"column":43}},"type":"binary-expr","locations":[{"start":{"line":66,"column":21},"end":{"line":66,"column":34}},{"start":{"line":66,"column":38},"end":{"line":66,"column":43}}],"line":66},"8":{"loc":{"start":{"line":67,"column":18},"end":{"line":67,"column":36}},"type":"binary-expr","locations":[{"start":{"line":67,"column":18},"end":{"line":67,"column":28}},{"start":{"line":67,"column":32},"end":{"line":67,"column":36}}],"line":67},"9":{"loc":{"start":{"line":68,"column":19},"end":{"line":68,"column":36}},"type":"binary-expr","locations":[{"start":{"line":68,"column":19},"end":{"line":68,"column":30}},{"start":{"line":68,"column":34},"end":{"line":68,"column":36}}],"line":68},"10":{"loc":{"start":{"line":69,"column":15},"end":{"line":69,"column":28}},"type":"binary-expr","locations":[{"start":{"line":69,"column":15},"end":{"line":69,"column":22}},{"start":{"line":69,"column":26},"end":{"line":69,"column":28}}],"line":69},"11":{"loc":{"start":{"line":70,"column":22},"end":{"line":70,"column":42}},"type":"binary-expr","locations":[{"start":{"line":70,"column":22},"end":{"line":70,"column":36}},{"start":{"line":70,"column":40},"end":{"line":70,"column":42}}],"line":70},"12":{"loc":{"start":{"line":71,"column":20},"end":{"line":71,"column":38}},"type":"binary-expr","locations":[{"start":{"line":71,"column":20},"end":{"line":71,"column":32}},{"start":{"line":71,"column":36},"end":{"line":71,"column":38}}],"line":71},"13":{"loc":{"start":{"line":86,"column":4},"end":{"line":88,"column":5}},"type":"if","locations":[{"start":{"line":86,"column":4},"end":{"line":88,"column":5}},{"start":{},"end":{}}],"line":86},"14":{"loc":{"start":{"line":89,"column":4},"end":{"line":91,"column":5}},"type":"if","locations":[{"start":{"line":89,"column":4},"end":{"line":91,"column":5}},{"start":{},"end":{}}],"line":89},"15":{"loc":{"start":{"line":89,"column":8},"end":{"line":89,"column":67}},"type":"binary-expr","locations":[{"start":{"line":89,"column":8},"end":{"line":89,"column":43}},{"start":{"line":89,"column":47},"end":{"line":89,"column":67}}],"line":89},"16":{"loc":{"start":{"line":104,"column":4},"end":{"line":109,"column":5}},"type":"if","locations":[{"start":{"line":104,"column":4},"end":{"line":109,"column":5}},{"start":{},"end":{}}],"line":104},"17":{"loc":{"start":{"line":114,"column":4},"end":{"line":116,"column":5}},"type":"if","locations":[{"start":{"line":114,"column":4},"end":{"line":116,"column":5}},{"start":{},"end":{}}],"line":114},"18":{"loc":{"start":{"line":128,"column":4},"end":{"line":133,"column":5}},"type":"if","locations":[{"start":{"line":128,"column":4},"end":{"line":133,"column":5}},{"start":{},"end":{}}],"line":128},"19":{"loc":{"start":{"line":128,"column":8},"end":{"line":128,"column":90}},"type":"binary-expr","locations":[{"start":{"line":128,"column":8},"end":{"line":128,"column":39}},{"start":{"line":128,"column":43},"end":{"line":128,"column":90}}],"line":128},"20":{"loc":{"start":{"line":135,"column":4},"end":{"line":140,"column":5}},"type":"if","locations":[{"start":{"line":135,"column":4},"end":{"line":140,"column":5}},{"start":{},"end":{}}],"line":135},"21":{"loc":{"start":{"line":135,"column":8},"end":{"line":135,"column":108}},"type":"binary-expr","locations":[{"start":{"line":135,"column":9},"end":{"line":135,"column":30}},{"start":{"line":135,"column":34},"end":{"line":135,"column":54}},{"start":{"line":135,"column":59},"end":{"line":135,"column":108}}],"line":135},"22":{"loc":{"start":{"line":142,"column":4},"end":{"line":147,"column":5}},"type":"if","locations":[{"start":{"line":142,"column":4},"end":{"line":147,"column":5}},{"start":{},"end":{}}],"line":142},"23":{"loc":{"start":{"line":142,"column":8},"end":{"line":142,"column":69}},"type":"binary-expr","locations":[{"start":{"line":142,"column":8},"end":{"line":142,"column":24}},{"start":{"line":142,"column":28},"end":{"line":142,"column":69}}],"line":142},"24":{"loc":{"start":{"line":150,"column":4},"end":{"line":155,"column":5}},"type":"switch","locations":[{"start":{"line":151,"column":6},"end":{"line":151,"column":63}},{"start":{"line":152,"column":6},"end":{"line":152,"column":64}},{"start":{"line":153,"column":6},"end":{"line":153,"column":46}},{"start":{"line":154,"column":6},"end":{"line":154,"column":44}}],"line":150},"25":{"loc":{"start":{"line":161,"column":15},"end":{"line":161,"column":28}},"type":"binary-expr","locations":[{"start":{"line":161,"column":15},"end":{"line":161,"column":22}},{"start":{"line":161,"column":26},"end":{"line":161,"column":28}}],"line":161},"26":{"loc":{"start":{"line":179,"column":4},"end":{"line":184,"column":5}},"type":"if","locations":[{"start":{"line":179,"column":4},"end":{"line":184,"column":5}},{"start":{},"end":{}}],"line":179},"27":{"loc":{"start":{"line":189,"column":4},"end":{"line":191,"column":5}},"type":"if","locations":[{"start":{"line":189,"column":4},"end":{"line":191,"column":5}},{"start":{},"end":{}}],"line":189},"28":{"loc":{"start":{"line":215,"column":4},"end":{"line":217,"column":5}},"type":"if","locations":[{"start":{"line":215,"column":4},"end":{"line":217,"column":5}},{"start":{},"end":{}}],"line":215},"29":{"loc":{"start":{"line":219,"column":25},"end":{"line":219,"column":37}},"type":"binary-expr","locations":[{"start":{"line":219,"column":25},"end":{"line":219,"column":31}},{"start":{"line":219,"column":35},"end":{"line":219,"column":37}}],"line":219},"30":{"loc":{"start":{"line":234,"column":4},"end":{"line":239,"column":5}},"type":"if","locations":[{"start":{"line":234,"column":4},"end":{"line":239,"column":5}},{"start":{},"end":{}}],"line":234},"31":{"loc":{"start":{"line":244,"column":4},"end":{"line":246,"column":5}},"type":"if","locations":[{"start":{"line":244,"column":4},"end":{"line":246,"column":5}},{"start":{},"end":{}}],"line":244},"32":{"loc":{"start":{"line":249,"column":4},"end":{"line":251,"column":5}},"type":"if","locations":[{"start":{"line":249,"column":4},"end":{"line":251,"column":5}},{"start":{},"end":{}}],"line":249},"33":{"loc":{"start":{"line":254,"column":32},"end":{"line":254,"column":45}},"type":"binary-expr","locations":[{"start":{"line":254,"column":32},"end":{"line":254,"column":39}},{"start":{"line":254,"column":43},"end":{"line":254,"column":45}}],"line":254}},"s":{"0":1,"1":1,"2":1,"3":1,"4":1,"5":1,"6":1,"7":0,"8":0,"9":0,"10":0,"11":0,"12":0,"13":0,"14":1,"15":0,"16":0,"17":0,"18":0,"19":0,"20":0,"21":0,"22":0,"23":0,"24":0,"25":0,"26":0,"27":0,"28":0,"29":1,"30":0,"31":0,"32":0,"33":0,"34":0,"35":0,"36":0,"37":0,"38":1,"39":0,"40":0,"41":0,"42":0,"43":0,"44":0,"45":0,"46":0,"47":0,"48":0,"49":0,"50":0,"51":0,"52":0,"53":0,"54":0,"55":0,"56":0,"57":0,"58":0,"59":0,"60":0,"61":0,"62":0,"63":0,"64":0,"65":0,"66":0,"67":0,"68":0,"69":0,"70":1,"71":0,"72":0,"73":0,"74":0,"75":0,"76":0,"77":0,"78":0,"79":0,"80":0,"81":0,"82":0,"83":0,"84":0,"85":1,"86":0,"87":0,"88":0,"89":0,"90":0,"91":0,"92":0,"93":0,"94":0,"95":1,"96":0,"97":0,"98":0,"99":0,"100":0,"101":0,"102":0,"103":0,"104":0,"105":0,"106":0,"107":0,"108":0,"109":0,"110":0,"111":0,"112":0,"113":0,"114":0,"115":1},"f":{"0":0,"1":0,"2":0,"3":0,"4":0,"5":0,"6":0,"7":0,"8":0,"9":0,"10":0,"11":0},"b":{"0":[0,0],"1":[0,0],"2":[0,0],"3":[0,0],"4":[0,0],"5":[0,0],"6":[0,0],"7":[0,0],"8":[0,0],"9":[0,0],"10":[0,0],"11":[0,0],"12":[0,0],"13":[0,0],"14":[0,0],"15":[0,0],"16":[0,0],"17":[0,0],"18":[0,0],"19":[0,0],"20":[0,0],"21":[0,0,0],"22":[0,0],"23":[0,0],"24":[0,0,0,0],"25":[0,0],"26":[0,0],"27":[0,0],"28":[0,0],"29":[0,0],"30":[0,0],"31":[0,0],"32":[0,0],"33":[0,0]},"_coverageSchema":"1a1c01bbd47fc00a2c39e90264f33305004495a9","hash":"a643cc84f77fb599f50e1ed94430bddb27cdf064"}
,"C:\\Users\\Vineet\\OneDrive\\Documents\\Odoo_X_GV_PLM\\backend\\src\\routes\\notifications.js": {"path":"C:\\Users\\Vineet\\OneDrive\\Documents\\Odoo_X_GV_PLM\\backend\\src\\routes\\notifications.js","statementMap":{"0":{"start":{"line":1,"column":16},"end":{"line":1,"column":34}},"1":{"start":{"line":2,"column":21},"end":{"line":2,"column":54}},"2":{"start":{"line":3,"column":23},"end":{"line":3,"column":52}},"3":{"start":{"line":5,"column":15},"end":{"line":5,"column":31}},"4":{"start":{"line":8,"column":0},"end":{"line":15,"column":3}},"5":{"start":{"line":9,"column":2},"end":{"line":14,"column":3}},"6":{"start":{"line":10,"column":26},"end":{"line":10,"column":75}},"7":{"start":{"line":11,"column":4},"end":{"line":11,"column":53}},"8":{"start":{"line":13,"column":4},"end":{"line":13,"column":87}},"9":{"start":{"line":18,"column":0},"end":{"line":32,"column":3}},"10":{"start":{"line":19,"column":2},"end":{"line":31,"column":3}},"11":{"start":{"line":20,"column":25},"end":{"line":20,"column":75}},"12":{"start":{"line":21,"column":4},"end":{"line":23,"column":5}},"13":{"start":{"line":22,"column":6},"end":{"line":22,"column":89}},"14":{"start":{"line":25,"column":4},"end":{"line":25,"column":29}},"15":{"start":{"line":26,"column":4},"end":{"line":26,"column":30}},"16":{"start":{"line":28,"column":4},"end":{"line":28,"column":52}},"17":{"start":{"line":30,"column":4},"end":{"line":30,"column":93}},"18":{"start":{"line":35,"column":0},"end":{"line":50,"column":3}},"19":{"start":{"line":36,"column":2},"end":{"line":49,"column":3}},"20":{"start":{"line":37,"column":35},"end":{"line":37,"column":43}},"21":{"start":{"line":38,"column":25},"end":{"line":45,"column":6}},"22":{"start":{"line":46,"column":4},"end":{"line":46,"column":64}},"23":{"start":{"line":48,"column":4},"end":{"line":48,"column":87}},"24":{"start":{"line":52,"column":0},"end":{"line":52,"column":24}}},"fnMap":{"0":{"name":"(anonymous_0)","decl":{"start":{"line":8,"column":32},"end":{"line":8,"column":33}},"loc":{"start":{"line":8,"column":52},"end":{"line":15,"column":1}},"line":8},"1":{"name":"(anonymous_1)","decl":{"start":{"line":18,"column":42},"end":{"line":18,"column":43}},"loc":{"start":{"line":18,"column":62},"end":{"line":32,"column":1}},"line":18},"2":{"name":"(anonymous_2)","decl":{"start":{"line":35,"column":33},"end":{"line":35,"column":34}},"loc":{"start":{"line":35,"column":53},"end":{"line":50,"column":1}},"line":35}},"branchMap":{"0":{"loc":{"start":{"line":21,"column":4},"end":{"line":23,"column":5}},"type":"if","locations":[{"start":{"line":21,"column":4},"end":{"line":23,"column":5}},{"start":{},"end":{}}],"line":21},"1":{"loc":{"start":{"line":41,"column":12},"end":{"line":41,"column":26}},"type":"binary-expr","locations":[{"start":{"line":41,"column":12},"end":{"line":41,"column":16}},{"start":{"line":41,"column":20},"end":{"line":41,"column":26}}],"line":41},"2":{"loc":{"start":{"line":42,"column":13},"end":{"line":42,"column":26}},"type":"binary-expr","locations":[{"start":{"line":42,"column":13},"end":{"line":42,"column":18}},{"start":{"line":42,"column":22},"end":{"line":42,"column":26}}],"line":42}},"s":{"0":1,"1":1,"2":1,"3":1,"4":1,"5":0,"6":0,"7":0,"8":0,"9":1,"10":0,"11":0,"12":0,"13":0,"14":0,"15":0,"16":0,"17":0,"18":1,"19":0,"20":0,"21":0,"22":0,"23":0,"24":1},"f":{"0":0,"1":0,"2":0},"b":{"0":[0,0],"1":[0,0],"2":[0,0]},"_coverageSchema":"1a1c01bbd47fc00a2c39e90264f33305004495a9","hash":"47ceb34328dec298354c8b1defa9121abbb80c92"}
,"C:\\Users\\Vineet\\OneDrive\\Documents\\Odoo_X_GV_PLM\\backend\\src\\routes\\products.js": {"path":"C:\\Users\\Vineet\\OneDrive\\Documents\\Odoo_X_GV_PLM\\backend\\src\\routes\\products.js","statementMap":{"0":{"start":{"line":1,"column":16},"end":{"line":1,"column":34}},"1":{"start":{"line":2,"column":16},"end":{"line":2,"column":44}},"2":{"start":{"line":3,"column":23},"end":{"line":3,"column":52}},"3":{"start":{"line":5,"column":15},"end":{"line":5,"column":31}},"4":{"start":{"line":8,"column":0},"end":{"line":19,"column":3}},"5":{"start":{"line":9,"column":2},"end":{"line":18,"column":3}},"6":{"start":{"line":10,"column":16},"end":{"line":10,"column":18}},"7":{"start":{"line":11,"column":4},"end":{"line":13,"column":5}},"8":{"start":{"line":12,"column":6},"end":{"line":12,"column":30}},"9":{"start":{"line":14,"column":21},"end":{"line":14,"column":70}},"10":{"start":{"line":15,"column":4},"end":{"line":15,"column":48}},"11":{"start":{"line":17,"column":4},"end":{"line":17,"column":82}},"12":{"start":{"line":22,"column":0},"end":{"line":35,"column":3}},"13":{"start":{"line":23,"column":2},"end":{"line":34,"column":3}},"14":{"start":{"line":24,"column":20},"end":{"line":24,"column":65}},"15":{"start":{"line":25,"column":4},"end":{"line":27,"column":5}},"16":{"start":{"line":26,"column":6},"end":{"line":26,"column":84}},"17":{"start":{"line":28,"column":4},"end":{"line":30,"column":5}},"18":{"start":{"line":29,"column":6},"end":{"line":29,"column":116}},"19":{"start":{"line":31,"column":4},"end":{"line":31,"column":47}},"20":{"start":{"line":33,"column":4},"end":{"line":33,"column":81}},"21":{"start":{"line":37,"column":0},"end":{"line":37,"column":24}}},"fnMap":{"0":{"name":"(anonymous_0)","decl":{"start":{"line":8,"column":32},"end":{"line":8,"column":33}},"loc":{"start":{"line":8,"column":52},"end":{"line":19,"column":1}},"line":8},"1":{"name":"(anonymous_1)","decl":{"start":{"line":22,"column":35},"end":{"line":22,"column":36}},"loc":{"start":{"line":22,"column":55},"end":{"line":35,"column":1}},"line":22}},"branchMap":{"0":{"loc":{"start":{"line":11,"column":4},"end":{"line":13,"column":5}},"type":"if","locations":[{"start":{"line":11,"column":4},"end":{"line":13,"column":5}},{"start":{},"end":{}}],"line":11},"1":{"loc":{"start":{"line":25,"column":4},"end":{"line":27,"column":5}},"type":"if","locations":[{"start":{"line":25,"column":4},"end":{"line":27,"column":5}},{"start":{},"end":{}}],"line":25},"2":{"loc":{"start":{"line":28,"column":4},"end":{"line":30,"column":5}},"type":"if","locations":[{"start":{"line":28,"column":4},"end":{"line":30,"column":5}},{"start":{},"end":{}}],"line":28},"3":{"loc":{"start":{"line":28,"column":8},"end":{"line":28,"column":74}},"type":"binary-expr","locations":[{"start":{"line":28,"column":8},"end":{"line":28,"column":43}},{"start":{"line":28,"column":47},"end":{"line":28,"column":74}}],"line":28}},"s":{"0":1,"1":1,"2":1,"3":1,"4":1,"5":0,"6":0,"7":0,"8":0,"9":0,"10":0,"11":0,"12":1,"13":0,"14":0,"15":0,"16":0,"17":0,"18":0,"19":0,"20":0,"21":1},"f":{"0":0,"1":0},"b":{"0":[0,0],"1":[0,0],"2":[0,0],"3":[0,0]},"_coverageSchema":"1a1c01bbd47fc00a2c39e90264f33305004495a9","hash":"0d05c99883315f438d528a40ed4ed3b2620e37fc"}
,"C:\\Users\\Vineet\\OneDrive\\Documents\\Odoo_X_GV_PLM\\backend\\src\\routes\\settings.js": {"path":"C:\\Users\\Vineet\\OneDrive\\Documents\\Odoo_X_GV_PLM\\backend\\src\\routes\\settings.js","statementMap":{"0":{"start":{"line":1,"column":16},"end":{"line":1,"column":34}},"1":{"start":{"line":2,"column":16},"end":{"line":2,"column":44}},"2":{"start":{"line":3,"column":23},"end":{"line":3,"column":52}},"3":{"start":{"line":4,"column":23},"end":{"line":4,"column":53}},"4":{"start":{"line":6,"column":15},"end":{"line":6,"column":31}},"5":{"start":{"line":9,"column":0},"end":{"line":19,"column":3}},"6":{"start":{"line":10,"column":2},"end":{"line":18,"column":3}},"7":{"start":{"line":11,"column":20},"end":{"line":11,"column":64}},"8":{"start":{"line":12,"column":4},"end":{"line":15,"column":7}},"9":{"start":{"line":17,"column":4},"end":{"line":17,"column":84}},"10":{"start":{"line":22,"column":0},"end":{"line":38,"column":3}},"11":{"start":{"line":23,"column":2},"end":{"line":37,"column":3}},"12":{"start":{"line":24,"column":23},"end":{"line":24,"column":31}},"13":{"start":{"line":25,"column":4},"end":{"line":27,"column":5}},"14":{"start":{"line":26,"column":6},"end":{"line":26,"column":90}},"15":{"start":{"line":29,"column":20},"end":{"line":33,"column":5}},"16":{"start":{"line":34,"column":4},"end":{"line":34,"column":53}},"17":{"start":{"line":36,"column":4},"end":{"line":36,"column":85}},"18":{"start":{"line":41,"column":0},"end":{"line":51,"column":3}},"19":{"start":{"line":42,"column":2},"end":{"line":50,"column":3}},"20":{"start":{"line":43,"column":20},"end":{"line":43,"column":68}},"21":{"start":{"line":44,"column":4},"end":{"line":47,"column":7}},"22":{"start":{"line":49,"column":4},"end":{"line":49,"column":97}},"23":{"start":{"line":54,"column":0},"end":{"line":70,"column":3}},"24":{"start":{"line":55,"column":2},"end":{"line":69,"column":3}},"25":{"start":{"line":56,"column":22},"end":{"line":56,"column":30}},"26":{"start":{"line":57,"column":4},"end":{"line":59,"column":5}},"27":{"start":{"line":58,"column":6},"end":{"line":58,"column":89}},"28":{"start":{"line":61,"column":20},"end":{"line":65,"column":5}},"29":{"start":{"line":66,"column":4},"end":{"line":66,"column":53}},"30":{"start":{"line":68,"column":4},"end":{"line":68,"column":98}},"31":{"start":{"line":72,"column":0},"end":{"line":72,"column":24}}},"fnMap":{"0":{"name":"(anonymous_0)","decl":{"start":{"line":9,"column":42},"end":{"line":9,"column":43}},"loc":{"start":{"line":9,"column":62},"end":{"line":19,"column":1}},"line":9},"1":{"name":"(anonymous_1)","decl":{"start":{"line":22,"column":69},"end":{"line":22,"column":70}},"loc":{"start":{"line":22,"column":89},"end":{"line":38,"column":1}},"line":22},"2":{"name":"(anonymous_2)","decl":{"start":{"line":41,"column":37},"end":{"line":41,"column":38}},"loc":{"start":{"line":41,"column":57},"end":{"line":51,"column":1}},"line":41},"3":{"name":"(anonymous_3)","decl":{"start":{"line":54,"column":64},"end":{"line":54,"column":65}},"loc":{"start":{"line":54,"column":84},"end":{"line":70,"column":1}},"line":54}},"branchMap":{"0":{"loc":{"start":{"line":14,"column":12},"end":{"line":14,"column":78}},"type":"cond-expr","locations":[{"start":{"line":14,"column":22},"end":{"line":14,"column":35}},{"start":{"line":14,"column":38},"end":{"line":14,"column":78}}],"line":14},"1":{"loc":{"start":{"line":25,"column":4},"end":{"line":27,"column":5}},"type":"if","locations":[{"start":{"line":25,"column":4},"end":{"line":27,"column":5}},{"start":{},"end":{}}],"line":25},"2":{"loc":{"start":{"line":46,"column":12},"end":{"line":46,"column":40}},"type":"cond-expr","locations":[{"start":{"line":46,"column":22},"end":{"line":46,"column":35}},{"start":{"line":46,"column":38},"end":{"line":46,"column":40}}],"line":46},"3":{"loc":{"start":{"line":57,"column":4},"end":{"line":59,"column":5}},"type":"if","locations":[{"start":{"line":57,"column":4},"end":{"line":59,"column":5}},{"start":{},"end":{}}],"line":57}},"s":{"0":1,"1":1,"2":1,"3":1,"4":1,"5":1,"6":0,"7":0,"8":0,"9":0,"10":1,"11":0,"12":0,"13":0,"14":0,"15":0,"16":0,"17":0,"18":1,"19":0,"20":0,"21":0,"22":0,"23":1,"24":0,"25":0,"26":0,"27":0,"28":0,"29":0,"30":0,"31":1},"f":{"0":0,"1":0,"2":0,"3":0},"b":{"0":[0,0],"1":[0,0],"2":[0,0],"3":[0,0]},"_coverageSchema":"1a1c01bbd47fc00a2c39e90264f33305004495a9","hash":"5d8aea454e09194b9148a3c67c28fcde4eac19a9"}
,"C:\\Users\\Vineet\\OneDrive\\Documents\\Odoo_X_GV_PLM\\backend\\src\\routes\\users.js": {"path":"C:\\Users\\Vineet\\OneDrive\\Documents\\Odoo_X_GV_PLM\\backend\\src\\routes\\users.js","statementMap":{"0":{"start":{"line":1,"column":16},"end":{"line":1,"column":34}},"1":{"start":{"line":2,"column":13},"end":{"line":2,"column":38}},"2":{"start":{"line":3,"column":23},"end":{"line":3,"column":52}},"3":{"start":{"line":4,"column":23},"end":{"line":4,"column":53}},"4":{"start":{"line":6,"column":15},"end":{"line":6,"column":31}},"5":{"start":{"line":9,"column":0},"end":{"line":16,"column":3}},"6":{"start":{"line":10,"column":2},"end":{"line":15,"column":3}},"7":{"start":{"line":11,"column":18},"end":{"line":11,"column":59}},"8":{"start":{"line":12,"column":4},"end":{"line":12,"column":45}},"9":{"start":{"line":14,"column":4},"end":{"line":14,"column":79}},"10":{"start":{"line":19,"column":0},"end":{"line":29,"column":3}},"11":{"start":{"line":20,"column":2},"end":{"line":28,"column":3}},"12":{"start":{"line":21,"column":17},"end":{"line":21,"column":59}},"13":{"start":{"line":22,"column":4},"end":{"line":24,"column":5}},"14":{"start":{"line":23,"column":6},"end":{"line":23,"column":81}},"15":{"start":{"line":25,"column":4},"end":{"line":25,"column":44}},"16":{"start":{"line":27,"column":4},"end":{"line":27,"column":78}},"17":{"start":{"line":32,"column":0},"end":{"line":52,"column":3}},"18":{"start":{"line":33,"column":2},"end":{"line":51,"column":3}},"19":{"start":{"line":34,"column":42},"end":{"line":34,"column":50}},"20":{"start":{"line":35,"column":19},"end":{"line":35,"column":95}},"21":{"start":{"line":35,"column":44},"end":{"line":35,"column":48}},"22":{"start":{"line":36,"column":20},"end":{"line":44,"column":6}},"23":{"start":{"line":45,"column":4},"end":{"line":45,"column":59}},"24":{"start":{"line":47,"column":4},"end":{"line":49,"column":5}},"25":{"start":{"line":48,"column":6},"end":{"line":48,"column":87}},"26":{"start":{"line":50,"column":4},"end":{"line":50,"column":79}},"27":{"start":{"line":55,"column":0},"end":{"line":76,"column":3}},"28":{"start":{"line":56,"column":2},"end":{"line":75,"column":3}},"29":{"start":{"line":57,"column":42},"end":{"line":57,"column":50}},"30":{"start":{"line":58,"column":17},"end":{"line":58,"column":59}},"31":{"start":{"line":59,"column":4},"end":{"line":61,"column":5}},"32":{"start":{"line":60,"column":6},"end":{"line":60,"column":81}},"33":{"start":{"line":63,"column":4},"end":{"line":66,"column":5}},"34":{"start":{"line":64,"column":6},"end":{"line":64,"column":23}},"35":{"start":{"line":65,"column":6},"end":{"line":65,"column":90}},"36":{"start":{"line":65,"column":45},"end":{"line":65,"column":49}},"37":{"start":{"line":67,"column":4},"end":{"line":67,"column":34}},"38":{"start":{"line":67,"column":15},"end":{"line":67,"column":34}},"39":{"start":{"line":68,"column":4},"end":{"line":68,"column":31}},"40":{"start":{"line":68,"column":14},"end":{"line":68,"column":31}},"41":{"start":{"line":69,"column":4},"end":{"line":69,"column":37}},"42":{"start":{"line":69,"column":16},"end":{"line":69,"column":37}},"43":{"start":{"line":71,"column":4},"end":{"line":71,"column":22}},"44":{"start":{"line":72,"column":4},"end":{"line":72,"column":44}},"45":{"start":{"line":74,"column":4},"end":{"line":74,"column":79}},"46":{"start":{"line":78,"column":0},"end":{"line":78,"column":24}}},"fnMap":{"0":{"name":"(anonymous_0)","decl":{"start":{"line":9,"column":32},"end":{"line":9,"column":33}},"loc":{"start":{"line":9,"column":52},"end":{"line":16,"column":1}},"line":9},"1":{"name":"(anonymous_1)","decl":{"start":{"line":19,"column":35},"end":{"line":19,"column":36}},"loc":{"start":{"line":19,"column":55},"end":{"line":29,"column":1}},"line":19},"2":{"name":"(anonymous_2)","decl":{"start":{"line":32,"column":60},"end":{"line":32,"column":61}},"loc":{"start":{"line":32,"column":80},"end":{"line":52,"column":1}},"line":32},"3":{"name":"(anonymous_3)","decl":{"start":{"line":35,"column":39},"end":{"line":35,"column":40}},"loc":{"start":{"line":35,"column":44},"end":{"line":35,"column":48}},"line":35},"4":{"name":"(anonymous_4)","decl":{"start":{"line":55,"column":62},"end":{"line":55,"column":63}},"loc":{"start":{"line":55,"column":82},"end":{"line":76,"column":1}},"line":55},"5":{"name":"(anonymous_5)","decl":{"start":{"line":65,"column":40},"end":{"line":65,"column":41}},"loc":{"start":{"line":65,"column":45},"end":{"line":65,"column":49}},"line":65}},"branchMap":{"0":{"loc":{"start":{"line":22,"column":4},"end":{"line":24,"column":5}},"type":"if","locations":[{"start":{"line":22,"column":4},"end":{"line":24,"column":5}},{"start":{},"end":{}}],"line":22},"1":{"loc":{"start":{"line":35,"column":19},"end":{"line":35,"column":95}},"type":"binary-expr","locations":[{"start":{"line":35,"column":19},"end":{"line":35,"column":88}},{"start":{"line":35,"column":92},"end":{"line":35,"column":95}}],"line":35},"2":{"loc":{"start":{"line":43,"column":14},"end":{"line":43,"column":32}},"type":"binary-expr","locations":[{"start":{"line":43,"column":14},"end":{"line":43,"column":20}},{"start":{"line":43,"column":24},"end":{"line":43,"column":32}}],"line":43},"3":{"loc":{"start":{"line":47,"column":4},"end":{"line":49,"column":5}},"type":"if","locations":[{"start":{"line":47,"column":4},"end":{"line":49,"column":5}},{"start":{},"end":{}}],"line":47},"4":{"loc":{"start":{"line":59,"column":4},"end":{"line":61,"column":5}},"type":"if","locations":[{"start":{"line":59,"column":4},"end":{"line":61,"column":5}},{"start":{},"end":{}}],"line":59},"5":{"loc":{"start":{"line":63,"column":4},"end":{"line":66,"column":5}},"type":"if","locations":[{"start":{"line":63,"column":4},"end":{"line":66,"column":5}},{"start":{},"end":{}}],"line":63},"6":{"loc":{"start":{"line":67,"column":4},"end":{"line":67,"column":34}},"type":"if","locations":[{"start":{"line":67,"column":4},"end":{"line":67,"column":34}},{"start":{},"end":{}}],"line":67},"7":{"loc":{"start":{"line":68,"column":4},"end":{"line":68,"column":31}},"type":"if","locations":[{"start":{"line":68,"column":4},"end":{"line":68,"column":31}},{"start":{},"end":{}}],"line":68},"8":{"loc":{"start":{"line":69,"column":4},"end":{"line":69,"column":37}},"type":"if","locations":[{"start":{"line":69,"column":4},"end":{"line":69,"column":37}},{"start":{},"end":{}}],"line":69}},"s":{"0":1,"1":1,"2":1,"3":1,"4":1,"5":1,"6":0,"7":0,"8":0,"9":0,"10":1,"11":0,"12":0,"13":0,"14":0,"15":0,"16":0,"17":1,"18":0,"19":0,"20":0,"21":0,"22":0,"23":0,"24":0,"25":0,"26":0,"27":1,"28":0,"29":0,"30":0,"31":0,"32":0,"33":0,"34":0,"35":0,"36":0,"37":0,"38":0,"39":0,"40":0,"41":0,"42":0,"43":0,"44":0,"45":0,"46":1},"f":{"0":0,"1":0,"2":0,"3":0,"4":0,"5":0},"b":{"0":[0,0],"1":[0,0],"2":[0,0],"3":[0,0],"4":[0,0],"5":[0,0],"6":[0,0],"7":[0,0],"8":[0,0]},"_coverageSchema":"1a1c01bbd47fc00a2c39e90264f33305004495a9","hash":"7c0939b72389286e1e41039736bf7ac3b370cc63"}
}
